{"C:\\Users\\2231140\\Desktop\\MinecraftStatsAPI\\src\\app.js": {"path":"C:\\Users\\2231140\\Desktop\\MinecraftStatsAPI\\src\\app.js","statementMap":{"0":{"start":{"line":1,"column":16},"end":{"line":1,"column":34}},"1":{"start":{"line":2,"column":13},"end":{"line":2,"column":28}},"2":{"start":{"line":3,"column":15},"end":{"line":3,"column":32}},"3":{"start":{"line":4,"column":18},"end":{"line":4,"column":47}},"4":{"start":{"line":5,"column":20},"end":{"line":5,"column":47}},"5":{"start":{"line":9,"column":4},"end":{"line":9,"column":43}},"6":{"start":{"line":13,"column":4},"end":{"line":13,"column":44}},"7":{"start":{"line":19,"column":4},"end":{"line":19,"column":49}},"8":{"start":{"line":22,"column":21},"end":{"line":22,"column":54}},"9":{"start":{"line":23,"column":20},"end":{"line":23,"column":52}},"10":{"start":{"line":24,"column":20},"end":{"line":24,"column":52}},"11":{"start":{"line":25,"column":20},"end":{"line":25,"column":52}},"12":{"start":{"line":26,"column":21},"end":{"line":26,"column":54}},"13":{"start":{"line":28,"column":12},"end":{"line":28,"column":21}},"14":{"start":{"line":31,"column":0},"end":{"line":36,"column":2}},"15":{"start":{"line":39,"column":0},"end":{"line":39,"column":16}},"16":{"start":{"line":42,"column":0},"end":{"line":42,"column":41}},"17":{"start":{"line":43,"column":0},"end":{"line":43,"column":63}},"18":{"start":{"line":46,"column":0},"end":{"line":46,"column":68}},"19":{"start":{"line":49,"column":0},"end":{"line":51,"column":3}},"20":{"start":{"line":50,"column":2},"end":{"line":50,"column":49}},"21":{"start":{"line":54,"column":0},"end":{"line":59,"column":3}},"22":{"start":{"line":55,"column":2},"end":{"line":58,"column":5}},"23":{"start":{"line":62,"column":0},"end":{"line":62,"column":28}},"24":{"start":{"line":63,"column":0},"end":{"line":63,"column":53}},"25":{"start":{"line":64,"column":0},"end":{"line":64,"column":38}},"26":{"start":{"line":65,"column":0},"end":{"line":65,"column":44}},"27":{"start":{"line":66,"column":0},"end":{"line":66,"column":50}},"28":{"start":{"line":67,"column":0},"end":{"line":67,"column":38}},"29":{"start":{"line":68,"column":0},"end":{"line":68,"column":52}},"30":{"start":{"line":71,"column":0},"end":{"line":71,"column":32}},"31":{"start":{"line":72,"column":0},"end":{"line":72,"column":48}},"32":{"start":{"line":75,"column":0},"end":{"line":75,"column":25}},"33":{"start":{"line":78,"column":0},"end":{"line":78,"column":22}},"34":{"start":{"line":80,"column":0},"end":{"line":80,"column":21}}},"fnMap":{"0":{"name":"(anonymous_0)","decl":{"start":{"line":49,"column":19},"end":{"line":49,"column":20}},"loc":{"start":{"line":49,"column":33},"end":{"line":51,"column":1}},"line":49},"1":{"name":"(anonymous_1)","decl":{"start":{"line":54,"column":34},"end":{"line":54,"column":35}},"loc":{"start":{"line":54,"column":48},"end":{"line":59,"column":1}},"line":54}},"branchMap":{"0":{"loc":{"start":{"line":56,"column":12},"end":{"line":56,"column":48}},"type":"binary-expr","locations":[{"start":{"line":56,"column":12},"end":{"line":56,"column":27}},{"start":{"line":56,"column":31},"end":{"line":56,"column":48}}],"line":56}},"s":{"0":7,"1":7,"2":7,"3":7,"4":7,"5":7,"6":7,"7":7,"8":7,"9":7,"10":7,"11":7,"12":7,"13":7,"14":7,"15":7,"16":7,"17":7,"18":7,"19":7,"20":1,"21":7,"22":0,"23":7,"24":7,"25":7,"26":7,"27":7,"28":7,"29":7,"30":7,"31":7,"32":7,"33":7,"34":7},"f":{"0":1,"1":0},"b":{"0":[0,0]},"_coverageSchema":"1a1c01bbd47fc00a2c39e90264f33305004495a9","hash":"52538516f1b0fcf67d34fec2fe1bb68a30d52884"}
,"C:\\Users\\2231140\\Desktop\\MinecraftStatsAPI\\src\\controllers\\admin.controller.js": {"path":"C:\\Users\\2231140\\Desktop\\MinecraftStatsAPI\\src\\controllers\\admin.controller.js","statementMap":{"0":{"start":{"line":1,"column":20},"end":{"line":1,"column":55}},"1":{"start":{"line":2,"column":23},"end":{"line":2,"column":61}},"2":{"start":{"line":3,"column":18},"end":{"line":3,"column":48}},"3":{"start":{"line":11,"column":4},"end":{"line":30,"column":5}},"4":{"start":{"line":12,"column":38},"end":{"line":12,"column":46}},"5":{"start":{"line":14,"column":6},"end":{"line":19,"column":7}},"6":{"start":{"line":15,"column":8},"end":{"line":18,"column":11}},"7":{"start":{"line":21,"column":21},"end":{"line":21,"column":70}},"8":{"start":{"line":23,"column":6},"end":{"line":25,"column":7}},"9":{"start":{"line":24,"column":8},"end":{"line":24,"column":44}},"10":{"start":{"line":27,"column":6},"end":{"line":27,"column":23}},"11":{"start":{"line":29,"column":6},"end":{"line":29,"column":18}},"12":{"start":{"line":38,"column":4},"end":{"line":54,"column":5}},"13":{"start":{"line":39,"column":20},"end":{"line":39,"column":49}},"14":{"start":{"line":41,"column":31},"end":{"line":45,"column":9}},"15":{"start":{"line":41,"column":52},"end":{"line":45,"column":7}},"16":{"start":{"line":47,"column":6},"end":{"line":51,"column":9}},"17":{"start":{"line":53,"column":6},"end":{"line":53,"column":18}},"18":{"start":{"line":62,"column":4},"end":{"line":85,"column":5}},"19":{"start":{"line":63,"column":25},"end":{"line":63,"column":35}},"20":{"start":{"line":64,"column":19},"end":{"line":64,"column":53}},"21":{"start":{"line":66,"column":6},"end":{"line":71,"column":7}},"22":{"start":{"line":67,"column":8},"end":{"line":70,"column":11}},"23":{"start":{"line":73,"column":6},"end":{"line":82,"column":9}},"24":{"start":{"line":84,"column":6},"end":{"line":84,"column":18}},"25":{"start":{"line":93,"column":4},"end":{"line":105,"column":5}},"26":{"start":{"line":94,"column":20},"end":{"line":96,"column":7}},"27":{"start":{"line":98,"column":6},"end":{"line":102,"column":9}},"28":{"start":{"line":104,"column":6},"end":{"line":104,"column":18}},"29":{"start":{"line":113,"column":4},"end":{"line":133,"column":5}},"30":{"start":{"line":114,"column":25},"end":{"line":114,"column":35}},"31":{"start":{"line":115,"column":30},"end":{"line":115,"column":38}},"32":{"start":{"line":117,"column":6},"end":{"line":122,"column":7}},"33":{"start":{"line":118,"column":8},"end":{"line":121,"column":11}},"34":{"start":{"line":124,"column":21},"end":{"line":124,"column":74}},"35":{"start":{"line":126,"column":6},"end":{"line":128,"column":7}},"36":{"start":{"line":127,"column":8},"end":{"line":127,"column":44}},"37":{"start":{"line":130,"column":6},"end":{"line":130,"column":23}},"38":{"start":{"line":132,"column":6},"end":{"line":132,"column":18}},"39":{"start":{"line":141,"column":4},"end":{"line":153,"column":5}},"40":{"start":{"line":142,"column":25},"end":{"line":142,"column":35}},"41":{"start":{"line":144,"column":21},"end":{"line":144,"column":57}},"42":{"start":{"line":146,"column":6},"end":{"line":148,"column":7}},"43":{"start":{"line":147,"column":8},"end":{"line":147,"column":44}},"44":{"start":{"line":150,"column":6},"end":{"line":150,"column":23}},"45":{"start":{"line":152,"column":6},"end":{"line":152,"column":18}},"46":{"start":{"line":161,"column":4},"end":{"line":188,"column":5}},"47":{"start":{"line":162,"column":25},"end":{"line":162,"column":35}},"48":{"start":{"line":165,"column":19},"end":{"line":165,"column":53}},"49":{"start":{"line":167,"column":6},"end":{"line":172,"column":7}},"50":{"start":{"line":168,"column":8},"end":{"line":171,"column":11}},"51":{"start":{"line":174,"column":28},"end":{"line":174,"column":55}},"52":{"start":{"line":176,"column":21},"end":{"line":176,"column":63}},"53":{"start":{"line":178,"column":6},"end":{"line":180,"column":7}},"54":{"start":{"line":179,"column":8},"end":{"line":179,"column":44}},"55":{"start":{"line":182,"column":6},"end":{"line":185,"column":9}},"56":{"start":{"line":187,"column":6},"end":{"line":187,"column":18}},"57":{"start":{"line":192,"column":0},"end":{"line":192,"column":39}}},"fnMap":{"0":{"name":"(anonymous_0)","decl":{"start":{"line":10,"column":2},"end":{"line":10,"column":3}},"loc":{"start":{"line":10,"column":35},"end":{"line":31,"column":3}},"line":10},"1":{"name":"(anonymous_1)","decl":{"start":{"line":37,"column":2},"end":{"line":37,"column":3}},"loc":{"start":{"line":37,"column":34},"end":{"line":55,"column":3}},"line":37},"2":{"name":"(anonymous_2)","decl":{"start":{"line":41,"column":41},"end":{"line":41,"column":42}},"loc":{"start":{"line":41,"column":52},"end":{"line":45,"column":7}},"line":41},"3":{"name":"(anonymous_3)","decl":{"start":{"line":61,"column":2},"end":{"line":61,"column":3}},"loc":{"start":{"line":61,"column":32},"end":{"line":86,"column":3}},"line":61},"4":{"name":"(anonymous_4)","decl":{"start":{"line":92,"column":2},"end":{"line":92,"column":3}},"loc":{"start":{"line":92,"column":43},"end":{"line":106,"column":3}},"line":92},"5":{"name":"(anonymous_5)","decl":{"start":{"line":112,"column":2},"end":{"line":112,"column":3}},"loc":{"start":{"line":112,"column":35},"end":{"line":134,"column":3}},"line":112},"6":{"name":"(anonymous_6)","decl":{"start":{"line":140,"column":2},"end":{"line":140,"column":3}},"loc":{"start":{"line":140,"column":35},"end":{"line":154,"column":3}},"line":140},"7":{"name":"(anonymous_7)","decl":{"start":{"line":160,"column":2},"end":{"line":160,"column":3}},"loc":{"start":{"line":160,"column":41},"end":{"line":189,"column":3}},"line":160}},"branchMap":{"0":{"loc":{"start":{"line":14,"column":6},"end":{"line":19,"column":7}},"type":"if","locations":[{"start":{"line":14,"column":6},"end":{"line":19,"column":7}},{"start":{},"end":{}}],"line":14},"1":{"loc":{"start":{"line":14,"column":10},"end":{"line":14,"column":47}},"type":"binary-expr","locations":[{"start":{"line":14,"column":10},"end":{"line":14,"column":17}},{"start":{"line":14,"column":21},"end":{"line":14,"column":47}}],"line":14},"2":{"loc":{"start":{"line":23,"column":6},"end":{"line":25,"column":7}},"type":"if","locations":[{"start":{"line":23,"column":6},"end":{"line":25,"column":7}},{"start":{},"end":{}}],"line":23},"3":{"loc":{"start":{"line":42,"column":16},"end":{"line":42,"column":44}},"type":"binary-expr","locations":[{"start":{"line":42,"column":16},"end":{"line":42,"column":27}},{"start":{"line":42,"column":31},"end":{"line":42,"column":44}}],"line":42},"4":{"loc":{"start":{"line":66,"column":6},"end":{"line":71,"column":7}},"type":"if","locations":[{"start":{"line":66,"column":6},"end":{"line":71,"column":7}},{"start":{},"end":{}}],"line":66},"5":{"loc":{"start":{"line":76,"column":18},"end":{"line":76,"column":46}},"type":"binary-expr","locations":[{"start":{"line":76,"column":18},"end":{"line":76,"column":29}},{"start":{"line":76,"column":33},"end":{"line":76,"column":46}}],"line":76},"6":{"loc":{"start":{"line":117,"column":6},"end":{"line":122,"column":7}},"type":"if","locations":[{"start":{"line":117,"column":6},"end":{"line":122,"column":7}},{"start":{},"end":{}}],"line":117},"7":{"loc":{"start":{"line":117,"column":10},"end":{"line":117,"column":57}},"type":"binary-expr","locations":[{"start":{"line":117,"column":10},"end":{"line":117,"column":22}},{"start":{"line":117,"column":26},"end":{"line":117,"column":57}}],"line":117},"8":{"loc":{"start":{"line":126,"column":6},"end":{"line":128,"column":7}},"type":"if","locations":[{"start":{"line":126,"column":6},"end":{"line":128,"column":7}},{"start":{},"end":{}}],"line":126},"9":{"loc":{"start":{"line":146,"column":6},"end":{"line":148,"column":7}},"type":"if","locations":[{"start":{"line":146,"column":6},"end":{"line":148,"column":7}},{"start":{},"end":{}}],"line":146},"10":{"loc":{"start":{"line":167,"column":6},"end":{"line":172,"column":7}},"type":"if","locations":[{"start":{"line":167,"column":6},"end":{"line":172,"column":7}},{"start":{},"end":{}}],"line":167},"11":{"loc":{"start":{"line":178,"column":6},"end":{"line":180,"column":7}},"type":"if","locations":[{"start":{"line":178,"column":6},"end":{"line":180,"column":7}},{"start":{},"end":{}}],"line":178}},"s":{"0":7,"1":7,"2":7,"3":27,"4":27,"5":27,"6":0,"7":27,"8":27,"9":10,"10":17,"11":0,"12":3,"13":3,"14":3,"15":19,"16":3,"17":0,"18":0,"19":0,"20":0,"21":0,"22":0,"23":0,"24":0,"25":1,"26":1,"27":1,"28":0,"29":2,"30":2,"31":2,"32":2,"33":0,"34":2,"35":2,"36":1,"37":1,"38":0,"39":3,"40":3,"41":3,"42":3,"43":1,"44":2,"45":0,"46":4,"47":4,"48":4,"49":4,"50":1,"51":3,"52":3,"53":3,"54":0,"55":3,"56":0,"57":7},"f":{"0":27,"1":3,"2":19,"3":0,"4":1,"5":2,"6":3,"7":4},"b":{"0":[0,27],"1":[27,27],"2":[10,17],"3":[19,0],"4":[0,0],"5":[0,0],"6":[0,2],"7":[2,2],"8":[1,1],"9":[1,2],"10":[1,3],"11":[0,3]},"_coverageSchema":"1a1c01bbd47fc00a2c39e90264f33305004495a9","hash":"c2cd253bef8728b2172ea496a271f245c1919ef6"}
,"C:\\Users\\2231140\\Desktop\\MinecraftStatsAPI\\src\\controllers\\cache.controller.js": {"path":"C:\\Users\\2231140\\Desktop\\MinecraftStatsAPI\\src\\controllers\\cache.controller.js","statementMap":{"0":{"start":{"line":1,"column":14},"end":{"line":1,"column":39}},"1":{"start":{"line":9,"column":4},"end":{"line":18,"column":5}},"2":{"start":{"line":10,"column":6},"end":{"line":10,"column":20}},"3":{"start":{"line":12,"column":6},"end":{"line":15,"column":9}},"4":{"start":{"line":17,"column":6},"end":{"line":17,"column":18}},"5":{"start":{"line":26,"column":4},"end":{"line":38,"column":5}},"6":{"start":{"line":27,"column":20},"end":{"line":27,"column":36}},"7":{"start":{"line":29,"column":6},"end":{"line":35,"column":9}},"8":{"start":{"line":37,"column":6},"end":{"line":37,"column":18}},"9":{"start":{"line":42,"column":0},"end":{"line":42,"column":39}}},"fnMap":{"0":{"name":"(anonymous_0)","decl":{"start":{"line":8,"column":2},"end":{"line":8,"column":3}},"loc":{"start":{"line":8,"column":29},"end":{"line":19,"column":3}},"line":8},"1":{"name":"(anonymous_1)","decl":{"start":{"line":25,"column":2},"end":{"line":25,"column":3}},"loc":{"start":{"line":25,"column":32},"end":{"line":39,"column":3}},"line":25}},"branchMap":{},"s":{"0":7,"1":2,"2":2,"3":2,"4":0,"5":2,"6":2,"7":2,"8":0,"9":7},"f":{"0":2,"1":2},"b":{},"_coverageSchema":"1a1c01bbd47fc00a2c39e90264f33305004495a9","hash":"20866d559a14ce12178b514a3892ec8262f0f599"}
,"C:\\Users\\2231140\\Desktop\\MinecraftStatsAPI\\src\\controllers\\player.controller.js": {"path":"C:\\Users\\2231140\\Desktop\\MinecraftStatsAPI\\src\\controllers\\player.controller.js","statementMap":{"0":{"start":{"line":1,"column":19},"end":{"line":1,"column":53}},"1":{"start":{"line":2,"column":22},"end":{"line":2,"column":59}},"2":{"start":{"line":3,"column":21},"end":{"line":3,"column":57}},"3":{"start":{"line":4,"column":22},"end":{"line":4,"column":59}},"4":{"start":{"line":5,"column":20},"end":{"line":5,"column":55}},"5":{"start":{"line":14,"column":4},"end":{"line":41,"column":5}},"6":{"start":{"line":15,"column":23},"end":{"line":15,"column":59}},"7":{"start":{"line":17,"column":8},"end":{"line":17,"column":47}},"8":{"start":{"line":18,"column":24},"end":{"line":18,"column":54}},"9":{"start":{"line":21,"column":6},"end":{"line":32,"column":7}},"10":{"start":{"line":23,"column":8},"end":{"line":23,"column":65}},"11":{"start":{"line":26,"column":8},"end":{"line":31,"column":10}},"12":{"start":{"line":34,"column":6},"end":{"line":38,"column":9}},"13":{"start":{"line":40,"column":6},"end":{"line":40,"column":18}},"14":{"start":{"line":49,"column":4},"end":{"line":76,"column":5}},"15":{"start":{"line":50,"column":24},"end":{"line":50,"column":32}},"16":{"start":{"line":52,"column":6},"end":{"line":57,"column":7}},"17":{"start":{"line":53,"column":8},"end":{"line":56,"column":11}},"18":{"start":{"line":59,"column":23},"end":{"line":59,"column":59}},"19":{"start":{"line":61,"column":8},"end":{"line":61,"column":47}},"20":{"start":{"line":62,"column":22},"end":{"line":67,"column":7}},"21":{"start":{"line":69,"column":6},"end":{"line":73,"column":9}},"22":{"start":{"line":75,"column":6},"end":{"line":75,"column":18}},"23":{"start":{"line":84,"column":4},"end":{"line":100,"column":5}},"24":{"start":{"line":85,"column":23},"end":{"line":85,"column":33}},"25":{"start":{"line":86,"column":23},"end":{"line":86,"column":59}},"26":{"start":{"line":87,"column":32},"end":{"line":87,"column":71}},"27":{"start":{"line":89,"column":21},"end":{"line":92,"column":7}},"28":{"start":{"line":94,"column":6},"end":{"line":97,"column":9}},"29":{"start":{"line":99,"column":6},"end":{"line":99,"column":18}},"30":{"start":{"line":109,"column":4},"end":{"line":148,"column":5}},"31":{"start":{"line":110,"column":23},"end":{"line":110,"column":33}},"32":{"start":{"line":111,"column":23},"end":{"line":111,"column":59}},"33":{"start":{"line":113,"column":8},"end":{"line":113,"column":47}},"34":{"start":{"line":114,"column":24},"end":{"line":114,"column":54}},"35":{"start":{"line":117,"column":6},"end":{"line":133,"column":7}},"36":{"start":{"line":119,"column":8},"end":{"line":119,"column":67}},"37":{"start":{"line":120,"column":8},"end":{"line":125,"column":9}},"38":{"start":{"line":121,"column":10},"end":{"line":124,"column":13}},"39":{"start":{"line":128,"column":8},"end":{"line":132,"column":10}},"40":{"start":{"line":135,"column":6},"end":{"line":138,"column":9}},"41":{"start":{"line":141,"column":6},"end":{"line":146,"column":7}},"42":{"start":{"line":142,"column":8},"end":{"line":145,"column":11}},"43":{"start":{"line":147,"column":6},"end":{"line":147,"column":18}},"44":{"start":{"line":156,"column":4},"end":{"line":166,"column":5}},"45":{"start":{"line":157,"column":23},"end":{"line":157,"column":33}},"46":{"start":{"line":158,"column":22},"end":{"line":158,"column":66}},"47":{"start":{"line":160,"column":6},"end":{"line":163,"column":9}},"48":{"start":{"line":165,"column":6},"end":{"line":165,"column":18}},"49":{"start":{"line":174,"column":4},"end":{"line":186,"column":5}},"50":{"start":{"line":175,"column":23},"end":{"line":175,"column":59}},"51":{"start":{"line":176,"column":27},"end":{"line":176,"column":66}},"52":{"start":{"line":177,"column":28},"end":{"line":177,"column":72}},"53":{"start":{"line":179,"column":6},"end":{"line":183,"column":9}},"54":{"start":{"line":185,"column":6},"end":{"line":185,"column":18}},"55":{"start":{"line":195,"column":4},"end":{"line":235,"column":5}},"56":{"start":{"line":196,"column":32},"end":{"line":196,"column":40}},"57":{"start":{"line":198,"column":6},"end":{"line":204,"column":7}},"58":{"start":{"line":199,"column":8},"end":{"line":203,"column":11}},"59":{"start":{"line":206,"column":6},"end":{"line":212,"column":7}},"60":{"start":{"line":207,"column":8},"end":{"line":211,"column":11}},"61":{"start":{"line":214,"column":23},"end":{"line":214,"column":59}},"62":{"start":{"line":215,"column":27},"end":{"line":215,"column":66}},"63":{"start":{"line":218,"column":29},"end":{"line":218,"column":73}},"64":{"start":{"line":221,"column":27},"end":{"line":221,"column":78}},"65":{"start":{"line":224,"column":28},"end":{"line":224,"column":71}},"66":{"start":{"line":226,"column":21},"end":{"line":226,"column":79}},"67":{"start":{"line":228,"column":6},"end":{"line":232,"column":9}},"68":{"start":{"line":234,"column":6},"end":{"line":234,"column":18}},"69":{"start":{"line":244,"column":4},"end":{"line":272,"column":5}},"70":{"start":{"line":245,"column":32},"end":{"line":245,"column":40}},"71":{"start":{"line":247,"column":6},"end":{"line":253,"column":7}},"72":{"start":{"line":248,"column":8},"end":{"line":252,"column":11}},"73":{"start":{"line":255,"column":6},"end":{"line":261,"column":7}},"74":{"start":{"line":256,"column":8},"end":{"line":260,"column":11}},"75":{"start":{"line":263,"column":23},"end":{"line":263,"column":59}},"76":{"start":{"line":264,"column":21},"end":{"line":267,"column":7}},"77":{"start":{"line":269,"column":6},"end":{"line":269,"column":23}},"78":{"start":{"line":271,"column":6},"end":{"line":271,"column":18}},"79":{"start":{"line":281,"column":4},"end":{"line":323,"column":5}},"80":{"start":{"line":282,"column":32},"end":{"line":282,"column":40}},"81":{"start":{"line":284,"column":6},"end":{"line":290,"column":7}},"82":{"start":{"line":285,"column":8},"end":{"line":289,"column":11}},"83":{"start":{"line":292,"column":6},"end":{"line":298,"column":7}},"84":{"start":{"line":293,"column":8},"end":{"line":297,"column":11}},"85":{"start":{"line":300,"column":23},"end":{"line":300,"column":59}},"86":{"start":{"line":301,"column":27},"end":{"line":301,"column":66}},"87":{"start":{"line":304,"column":29},"end":{"line":304,"column":73}},"88":{"start":{"line":307,"column":28},"end":{"line":309,"column":7}},"89":{"start":{"line":308,"column":18},"end":{"line":308,"column":47}},"90":{"start":{"line":311,"column":21},"end":{"line":314,"column":7}},"91":{"start":{"line":316,"column":6},"end":{"line":320,"column":9}},"92":{"start":{"line":322,"column":6},"end":{"line":322,"column":18}},"93":{"start":{"line":327,"column":0},"end":{"line":327,"column":40}}},"fnMap":{"0":{"name":"(anonymous_0)","decl":{"start":{"line":13,"column":2},"end":{"line":13,"column":3}},"loc":{"start":{"line":13,"column":38},"end":{"line":42,"column":3}},"line":13},"1":{"name":"(anonymous_1)","decl":{"start":{"line":48,"column":2},"end":{"line":48,"column":3}},"loc":{"start":{"line":48,"column":43},"end":{"line":77,"column":3}},"line":48},"2":{"name":"(anonymous_2)","decl":{"start":{"line":83,"column":2},"end":{"line":83,"column":3}},"loc":{"start":{"line":83,"column":43},"end":{"line":101,"column":3}},"line":83},"3":{"name":"(anonymous_3)","decl":{"start":{"line":108,"column":2},"end":{"line":108,"column":3}},"loc":{"start":{"line":108,"column":34},"end":{"line":149,"column":3}},"line":108},"4":{"name":"(anonymous_4)","decl":{"start":{"line":155,"column":2},"end":{"line":155,"column":3}},"loc":{"start":{"line":155,"column":41},"end":{"line":167,"column":3}},"line":155},"5":{"name":"(anonymous_5)","decl":{"start":{"line":173,"column":2},"end":{"line":173,"column":3}},"loc":{"start":{"line":173,"column":40},"end":{"line":187,"column":3}},"line":173},"6":{"name":"(anonymous_6)","decl":{"start":{"line":194,"column":2},"end":{"line":194,"column":3}},"loc":{"start":{"line":194,"column":42},"end":{"line":236,"column":3}},"line":194},"7":{"name":"(anonymous_7)","decl":{"start":{"line":243,"column":2},"end":{"line":243,"column":3}},"loc":{"start":{"line":243,"column":44},"end":{"line":273,"column":3}},"line":243},"8":{"name":"(anonymous_8)","decl":{"start":{"line":280,"column":2},"end":{"line":280,"column":3}},"loc":{"start":{"line":280,"column":47},"end":{"line":324,"column":3}},"line":280},"9":{"name":"(anonymous_9)","decl":{"start":{"line":308,"column":8},"end":{"line":308,"column":9}},"loc":{"start":{"line":308,"column":18},"end":{"line":308,"column":47}},"line":308}},"branchMap":{"0":{"loc":{"start":{"line":15,"column":23},"end":{"line":15,"column":59}},"type":"binary-expr","locations":[{"start":{"line":15,"column":23},"end":{"line":15,"column":38}},{"start":{"line":15,"column":42},"end":{"line":15,"column":59}}],"line":15},"1":{"loc":{"start":{"line":21,"column":6},"end":{"line":32,"column":7}},"type":"if","locations":[{"start":{"line":21,"column":6},"end":{"line":32,"column":7}},{"start":{"line":24,"column":13},"end":{"line":32,"column":7}}],"line":21},"2":{"loc":{"start":{"line":52,"column":6},"end":{"line":57,"column":7}},"type":"if","locations":[{"start":{"line":52,"column":6},"end":{"line":57,"column":7}},{"start":{},"end":{}}],"line":52},"3":{"loc":{"start":{"line":59,"column":23},"end":{"line":59,"column":59}},"type":"binary-expr","locations":[{"start":{"line":59,"column":23},"end":{"line":59,"column":38}},{"start":{"line":59,"column":42},"end":{"line":59,"column":59}}],"line":59},"4":{"loc":{"start":{"line":86,"column":23},"end":{"line":86,"column":59}},"type":"binary-expr","locations":[{"start":{"line":86,"column":23},"end":{"line":86,"column":38}},{"start":{"line":86,"column":42},"end":{"line":86,"column":59}}],"line":86},"5":{"loc":{"start":{"line":111,"column":23},"end":{"line":111,"column":59}},"type":"binary-expr","locations":[{"start":{"line":111,"column":23},"end":{"line":111,"column":38}},{"start":{"line":111,"column":42},"end":{"line":111,"column":59}}],"line":111},"6":{"loc":{"start":{"line":117,"column":6},"end":{"line":133,"column":7}},"type":"if","locations":[{"start":{"line":117,"column":6},"end":{"line":133,"column":7}},{"start":{"line":126,"column":13},"end":{"line":133,"column":7}}],"line":117},"7":{"loc":{"start":{"line":120,"column":8},"end":{"line":125,"column":9}},"type":"if","locations":[{"start":{"line":120,"column":8},"end":{"line":125,"column":9}},{"start":{},"end":{}}],"line":120},"8":{"loc":{"start":{"line":141,"column":6},"end":{"line":146,"column":7}},"type":"if","locations":[{"start":{"line":141,"column":6},"end":{"line":146,"column":7}},{"start":{},"end":{}}],"line":141},"9":{"loc":{"start":{"line":141,"column":10},"end":{"line":141,"column":62}},"type":"binary-expr","locations":[{"start":{"line":141,"column":10},"end":{"line":141,"column":23}},{"start":{"line":141,"column":27},"end":{"line":141,"column":62}}],"line":141},"10":{"loc":{"start":{"line":175,"column":23},"end":{"line":175,"column":59}},"type":"binary-expr","locations":[{"start":{"line":175,"column":23},"end":{"line":175,"column":38}},{"start":{"line":175,"column":42},"end":{"line":175,"column":59}}],"line":175},"11":{"loc":{"start":{"line":198,"column":6},"end":{"line":204,"column":7}},"type":"if","locations":[{"start":{"line":198,"column":6},"end":{"line":204,"column":7}},{"start":{},"end":{}}],"line":198},"12":{"loc":{"start":{"line":206,"column":6},"end":{"line":212,"column":7}},"type":"if","locations":[{"start":{"line":206,"column":6},"end":{"line":212,"column":7}},{"start":{},"end":{}}],"line":206},"13":{"loc":{"start":{"line":214,"column":23},"end":{"line":214,"column":59}},"type":"binary-expr","locations":[{"start":{"line":214,"column":23},"end":{"line":214,"column":38}},{"start":{"line":214,"column":42},"end":{"line":214,"column":59}}],"line":214},"14":{"loc":{"start":{"line":247,"column":6},"end":{"line":253,"column":7}},"type":"if","locations":[{"start":{"line":247,"column":6},"end":{"line":253,"column":7}},{"start":{},"end":{}}],"line":247},"15":{"loc":{"start":{"line":255,"column":6},"end":{"line":261,"column":7}},"type":"if","locations":[{"start":{"line":255,"column":6},"end":{"line":261,"column":7}},{"start":{},"end":{}}],"line":255},"16":{"loc":{"start":{"line":263,"column":23},"end":{"line":263,"column":59}},"type":"binary-expr","locations":[{"start":{"line":263,"column":23},"end":{"line":263,"column":38}},{"start":{"line":263,"column":42},"end":{"line":263,"column":59}}],"line":263},"17":{"loc":{"start":{"line":284,"column":6},"end":{"line":290,"column":7}},"type":"if","locations":[{"start":{"line":284,"column":6},"end":{"line":290,"column":7}},{"start":{},"end":{}}],"line":284},"18":{"loc":{"start":{"line":292,"column":6},"end":{"line":298,"column":7}},"type":"if","locations":[{"start":{"line":292,"column":6},"end":{"line":298,"column":7}},{"start":{},"end":{}}],"line":292},"19":{"loc":{"start":{"line":300,"column":23},"end":{"line":300,"column":59}},"type":"binary-expr","locations":[{"start":{"line":300,"column":23},"end":{"line":300,"column":38}},{"start":{"line":300,"column":42},"end":{"line":300,"column":59}}],"line":300}},"s":{"0":7,"1":7,"2":7,"3":7,"4":7,"5":6,"6":6,"7":6,"8":6,"9":6,"10":2,"11":4,"12":6,"13":0,"14":1,"15":1,"16":1,"17":0,"18":1,"19":1,"20":1,"21":1,"22":0,"23":1,"24":1,"25":1,"26":1,"27":1,"28":1,"29":0,"30":3,"31":3,"32":3,"33":3,"34":3,"35":3,"36":2,"37":1,"38":0,"39":1,"40":2,"41":1,"42":1,"43":0,"44":1,"45":1,"46":1,"47":1,"48":0,"49":4,"50":4,"51":4,"52":4,"53":4,"54":0,"55":10,"56":10,"57":10,"58":0,"59":10,"60":0,"61":10,"62":10,"63":10,"64":10,"65":10,"66":10,"67":10,"68":0,"69":20,"70":20,"71":20,"72":0,"73":20,"74":0,"75":20,"76":20,"77":20,"78":0,"79":4,"80":4,"81":4,"82":0,"83":4,"84":0,"85":4,"86":4,"87":4,"88":4,"89":7,"90":4,"91":4,"92":0,"93":7},"f":{"0":6,"1":1,"2":1,"3":3,"4":1,"5":4,"6":10,"7":20,"8":4,"9":7},"b":{"0":[6,0],"1":[2,4],"2":[0,1],"3":[1,0],"4":[1,0],"5":[3,0],"6":[2,1],"7":[0,1],"8":[1,0],"9":[1,1],"10":[4,0],"11":[0,10],"12":[0,10],"13":[10,0],"14":[0,20],"15":[0,20],"16":[20,0],"17":[0,4],"18":[0,4],"19":[4,0]},"_coverageSchema":"1a1c01bbd47fc00a2c39e90264f33305004495a9","hash":"8a18ea4f9f702b9e866048bd617c3ff7ff4e3c2c"}
,"C:\\Users\\2231140\\Desktop\\MinecraftStatsAPI\\src\\controllers\\world.controller.js": {"path":"C:\\Users\\2231140\\Desktop\\MinecraftStatsAPI\\src\\controllers\\world.controller.js","statementMap":{"0":{"start":{"line":1,"column":21},"end":{"line":1,"column":57}},"1":{"start":{"line":2,"column":23},"end":{"line":2,"column":61}},"2":{"start":{"line":3,"column":20},"end":{"line":3,"column":55}},"3":{"start":{"line":11,"column":4},"end":{"line":54,"column":5}},"4":{"start":{"line":12,"column":6},"end":{"line":17,"column":7}},"5":{"start":{"line":13,"column":8},"end":{"line":16,"column":11}},"6":{"start":{"line":19,"column":23},"end":{"line":19,"column":59}},"7":{"start":{"line":22,"column":28},"end":{"line":22,"column":69}},"8":{"start":{"line":23,"column":6},"end":{"line":34,"column":7}},"9":{"start":{"line":24,"column":8},"end":{"line":33,"column":11}},"10":{"start":{"line":36,"column":21},"end":{"line":36,"column":78}},"11":{"start":{"line":39,"column":20},"end":{"line":39,"column":71}},"12":{"start":{"line":40,"column":6},"end":{"line":49,"column":7}},"13":{"start":{"line":42,"column":8},"end":{"line":42,"column":49}},"14":{"start":{"line":44,"column":8},"end":{"line":48,"column":11}},"15":{"start":{"line":51,"column":6},"end":{"line":51,"column":23}},"16":{"start":{"line":53,"column":6},"end":{"line":53,"column":18}},"17":{"start":{"line":62,"column":4},"end":{"line":73,"column":5}},"18":{"start":{"line":63,"column":23},"end":{"line":63,"column":59}},"19":{"start":{"line":64,"column":21},"end":{"line":64,"column":61}},"20":{"start":{"line":66,"column":6},"end":{"line":68,"column":7}},"21":{"start":{"line":67,"column":8},"end":{"line":67,"column":44}},"22":{"start":{"line":70,"column":6},"end":{"line":70,"column":23}},"23":{"start":{"line":72,"column":6},"end":{"line":72,"column":18}},"24":{"start":{"line":81,"column":4},"end":{"line":127,"column":5}},"25":{"start":{"line":82,"column":6},"end":{"line":87,"column":7}},"26":{"start":{"line":83,"column":8},"end":{"line":86,"column":11}},"27":{"start":{"line":89,"column":23},"end":{"line":89,"column":59}},"28":{"start":{"line":92,"column":28},"end":{"line":92,"column":69}},"29":{"start":{"line":93,"column":6},"end":{"line":99,"column":7}},"30":{"start":{"line":94,"column":8},"end":{"line":98,"column":11}},"31":{"start":{"line":102,"column":21},"end":{"line":102,"column":78}},"32":{"start":{"line":105,"column":20},"end":{"line":105,"column":71}},"33":{"start":{"line":106,"column":6},"end":{"line":115,"column":7}},"34":{"start":{"line":108,"column":8},"end":{"line":108,"column":49}},"35":{"start":{"line":110,"column":8},"end":{"line":114,"column":11}},"36":{"start":{"line":117,"column":6},"end":{"line":124,"column":9}},"37":{"start":{"line":126,"column":6},"end":{"line":126,"column":18}},"38":{"start":{"line":135,"column":4},"end":{"line":151,"column":5}},"39":{"start":{"line":136,"column":23},"end":{"line":136,"column":59}},"40":{"start":{"line":137,"column":19},"end":{"line":137,"column":60}},"41":{"start":{"line":138,"column":6},"end":{"line":143,"column":7}},"42":{"start":{"line":139,"column":8},"end":{"line":142,"column":11}},"43":{"start":{"line":145,"column":6},"end":{"line":148,"column":9}},"44":{"start":{"line":150,"column":6},"end":{"line":150,"column":18}},"45":{"start":{"line":159,"column":4},"end":{"line":177,"column":5}},"46":{"start":{"line":160,"column":23},"end":{"line":160,"column":59}},"47":{"start":{"line":161,"column":27},"end":{"line":161,"column":66}},"48":{"start":{"line":162,"column":20},"end":{"line":162,"column":70}},"49":{"start":{"line":164,"column":6},"end":{"line":169,"column":7}},"50":{"start":{"line":165,"column":8},"end":{"line":168,"column":11}},"51":{"start":{"line":171,"column":6},"end":{"line":174,"column":9}},"52":{"start":{"line":176,"column":6},"end":{"line":176,"column":18}},"53":{"start":{"line":181,"column":0},"end":{"line":181,"column":39}}},"fnMap":{"0":{"name":"(anonymous_0)","decl":{"start":{"line":10,"column":2},"end":{"line":10,"column":3}},"loc":{"start":{"line":10,"column":36},"end":{"line":55,"column":3}},"line":10},"1":{"name":"(anonymous_1)","decl":{"start":{"line":61,"column":2},"end":{"line":61,"column":3}},"loc":{"start":{"line":61,"column":36},"end":{"line":74,"column":3}},"line":61},"2":{"name":"(anonymous_2)","decl":{"start":{"line":80,"column":2},"end":{"line":80,"column":3}},"loc":{"start":{"line":80,"column":37},"end":{"line":128,"column":3}},"line":80},"3":{"name":"(anonymous_3)","decl":{"start":{"line":134,"column":2},"end":{"line":134,"column":3}},"loc":{"start":{"line":134,"column":37},"end":{"line":152,"column":3}},"line":134},"4":{"name":"(anonymous_4)","decl":{"start":{"line":158,"column":2},"end":{"line":158,"column":3}},"loc":{"start":{"line":158,"column":40},"end":{"line":178,"column":3}},"line":158}},"branchMap":{"0":{"loc":{"start":{"line":12,"column":6},"end":{"line":17,"column":7}},"type":"if","locations":[{"start":{"line":12,"column":6},"end":{"line":17,"column":7}},{"start":{},"end":{}}],"line":12},"1":{"loc":{"start":{"line":19,"column":23},"end":{"line":19,"column":59}},"type":"binary-expr","locations":[{"start":{"line":19,"column":23},"end":{"line":19,"column":38}},{"start":{"line":19,"column":42},"end":{"line":19,"column":59}}],"line":19},"2":{"loc":{"start":{"line":23,"column":6},"end":{"line":34,"column":7}},"type":"if","locations":[{"start":{"line":23,"column":6},"end":{"line":34,"column":7}},{"start":{},"end":{}}],"line":23},"3":{"loc":{"start":{"line":40,"column":6},"end":{"line":49,"column":7}},"type":"if","locations":[{"start":{"line":40,"column":6},"end":{"line":49,"column":7}},{"start":{},"end":{}}],"line":40},"4":{"loc":{"start":{"line":63,"column":23},"end":{"line":63,"column":59}},"type":"binary-expr","locations":[{"start":{"line":63,"column":23},"end":{"line":63,"column":38}},{"start":{"line":63,"column":42},"end":{"line":63,"column":59}}],"line":63},"5":{"loc":{"start":{"line":66,"column":6},"end":{"line":68,"column":7}},"type":"if","locations":[{"start":{"line":66,"column":6},"end":{"line":68,"column":7}},{"start":{},"end":{}}],"line":66},"6":{"loc":{"start":{"line":82,"column":6},"end":{"line":87,"column":7}},"type":"if","locations":[{"start":{"line":82,"column":6},"end":{"line":87,"column":7}},{"start":{},"end":{}}],"line":82},"7":{"loc":{"start":{"line":89,"column":23},"end":{"line":89,"column":59}},"type":"binary-expr","locations":[{"start":{"line":89,"column":23},"end":{"line":89,"column":38}},{"start":{"line":89,"column":42},"end":{"line":89,"column":59}}],"line":89},"8":{"loc":{"start":{"line":93,"column":6},"end":{"line":99,"column":7}},"type":"if","locations":[{"start":{"line":93,"column":6},"end":{"line":99,"column":7}},{"start":{},"end":{}}],"line":93},"9":{"loc":{"start":{"line":106,"column":6},"end":{"line":115,"column":7}},"type":"if","locations":[{"start":{"line":106,"column":6},"end":{"line":115,"column":7}},{"start":{},"end":{}}],"line":106},"10":{"loc":{"start":{"line":136,"column":23},"end":{"line":136,"column":59}},"type":"binary-expr","locations":[{"start":{"line":136,"column":23},"end":{"line":136,"column":38}},{"start":{"line":136,"column":42},"end":{"line":136,"column":59}}],"line":136},"11":{"loc":{"start":{"line":138,"column":6},"end":{"line":143,"column":7}},"type":"if","locations":[{"start":{"line":138,"column":6},"end":{"line":143,"column":7}},{"start":{},"end":{}}],"line":138},"12":{"loc":{"start":{"line":160,"column":23},"end":{"line":160,"column":59}},"type":"binary-expr","locations":[{"start":{"line":160,"column":23},"end":{"line":160,"column":38}},{"start":{"line":160,"column":42},"end":{"line":160,"column":59}}],"line":160},"13":{"loc":{"start":{"line":164,"column":6},"end":{"line":169,"column":7}},"type":"if","locations":[{"start":{"line":164,"column":6},"end":{"line":169,"column":7}},{"start":{},"end":{}}],"line":164}},"s":{"0":7,"1":7,"2":7,"3":1,"4":1,"5":1,"6":0,"7":0,"8":0,"9":0,"10":0,"11":0,"12":0,"13":0,"14":0,"15":0,"16":0,"17":1,"18":1,"19":1,"20":1,"21":1,"22":0,"23":0,"24":2,"25":2,"26":1,"27":1,"28":1,"29":1,"30":1,"31":0,"32":0,"33":0,"34":0,"35":0,"36":0,"37":0,"38":1,"39":1,"40":1,"41":1,"42":1,"43":0,"44":0,"45":1,"46":1,"47":1,"48":1,"49":1,"50":0,"51":1,"52":0,"53":7},"f":{"0":1,"1":1,"2":2,"3":1,"4":1},"b":{"0":[1,0],"1":[0,0],"2":[0,0],"3":[0,0],"4":[1,0],"5":[1,0],"6":[1,1],"7":[1,0],"8":[1,0],"9":[0,0],"10":[1,0],"11":[1,0],"12":[1,0],"13":[0,1]},"_coverageSchema":"1a1c01bbd47fc00a2c39e90264f33305004495a9","hash":"854f0f77673941252f01240e50719cefc29a6914"}
,"C:\\Users\\2231140\\Desktop\\MinecraftStatsAPI\\src\\middleware\\auth.middleware.js": {"path":"C:\\Users\\2231140\\Desktop\\MinecraftStatsAPI\\src\\middleware\\auth.middleware.js","statementMap":{"0":{"start":{"line":1,"column":20},"end":{"line":1,"column":55}},"1":{"start":{"line":7,"column":2},"end":{"line":44,"column":3}},"2":{"start":{"line":9,"column":17},"end":{"line":9,"column":61}},"3":{"start":{"line":12,"column":4},"end":{"line":17,"column":5}},"4":{"start":{"line":13,"column":25},"end":{"line":13,"column":50}},"5":{"start":{"line":14,"column":6},"end":{"line":16,"column":7}},"6":{"start":{"line":15,"column":8},"end":{"line":15,"column":41}},"7":{"start":{"line":19,"column":4},"end":{"line":25,"column":5}},"8":{"start":{"line":20,"column":6},"end":{"line":24,"column":9}},"9":{"start":{"line":27,"column":17},"end":{"line":27,"column":57}},"10":{"start":{"line":28,"column":4},"end":{"line":33,"column":5}},"11":{"start":{"line":29,"column":6},"end":{"line":32,"column":9}},"12":{"start":{"line":36,"column":4},"end":{"line":36,"column":20}},"13":{"start":{"line":37,"column":4},"end":{"line":37,"column":11}},"14":{"start":{"line":39,"column":4},"end":{"line":39,"column":40}},"15":{"start":{"line":40,"column":4},"end":{"line":43,"column":7}},"16":{"start":{"line":51,"column":19},"end":{"line":51,"column":67}},"17":{"start":{"line":52,"column":24},"end":{"line":52,"column":56}},"18":{"start":{"line":54,"column":2},"end":{"line":59,"column":3}},"19":{"start":{"line":55,"column":4},"end":{"line":58,"column":7}},"20":{"start":{"line":61,"column":2},"end":{"line":61,"column":9}},"21":{"start":{"line":64,"column":0},"end":{"line":67,"column":2}}},"fnMap":{"0":{"name":"requireApiKey","decl":{"start":{"line":6,"column":15},"end":{"line":6,"column":28}},"loc":{"start":{"line":6,"column":45},"end":{"line":45,"column":1}},"line":6},"1":{"name":"requireAdminKey","decl":{"start":{"line":50,"column":9},"end":{"line":50,"column":24}},"loc":{"start":{"line":50,"column":41},"end":{"line":62,"column":1}},"line":50}},"branchMap":{"0":{"loc":{"start":{"line":9,"column":17},"end":{"line":9,"column":61}},"type":"binary-expr","locations":[{"start":{"line":9,"column":17},"end":{"line":9,"column":41}},{"start":{"line":9,"column":45},"end":{"line":9,"column":61}}],"line":9},"1":{"loc":{"start":{"line":12,"column":4},"end":{"line":17,"column":5}},"type":"if","locations":[{"start":{"line":12,"column":4},"end":{"line":17,"column":5}},{"start":{},"end":{}}],"line":12},"2":{"loc":{"start":{"line":12,"column":8},"end":{"line":12,"column":44}},"type":"binary-expr","locations":[{"start":{"line":12,"column":8},"end":{"line":12,"column":15}},{"start":{"line":12,"column":19},"end":{"line":12,"column":44}}],"line":12},"3":{"loc":{"start":{"line":14,"column":6},"end":{"line":16,"column":7}},"type":"if","locations":[{"start":{"line":14,"column":6},"end":{"line":16,"column":7}},{"start":{},"end":{}}],"line":14},"4":{"loc":{"start":{"line":19,"column":4},"end":{"line":25,"column":5}},"type":"if","locations":[{"start":{"line":19,"column":4},"end":{"line":25,"column":5}},{"start":{},"end":{}}],"line":19},"5":{"loc":{"start":{"line":28,"column":4},"end":{"line":33,"column":5}},"type":"if","locations":[{"start":{"line":28,"column":4},"end":{"line":33,"column":5}},{"start":{},"end":{}}],"line":28},"6":{"loc":{"start":{"line":51,"column":19},"end":{"line":51,"column":67}},"type":"binary-expr","locations":[{"start":{"line":51,"column":19},"end":{"line":51,"column":45}},{"start":{"line":51,"column":49},"end":{"line":51,"column":67}}],"line":51},"7":{"loc":{"start":{"line":54,"column":2},"end":{"line":59,"column":3}},"type":"if","locations":[{"start":{"line":54,"column":2},"end":{"line":59,"column":3}},{"start":{},"end":{}}],"line":54},"8":{"loc":{"start":{"line":54,"column":6},"end":{"line":54,"column":41}},"type":"binary-expr","locations":[{"start":{"line":54,"column":6},"end":{"line":54,"column":15}},{"start":{"line":54,"column":19},"end":{"line":54,"column":41}}],"line":54}},"s":{"0":7,"1":94,"2":94,"3":94,"4":0,"5":0,"6":0,"7":94,"8":20,"9":74,"10":74,"11":2,"12":72,"13":72,"14":0,"15":0,"16":52,"17":52,"18":52,"19":7,"20":45,"21":7},"f":{"0":94,"1":52},"b":{"0":[94,21],"1":[0,94],"2":[94,20],"3":[0,0],"4":[20,74],"5":[2,72],"6":[52,7],"7":[7,45],"8":[52,46]},"_coverageSchema":"1a1c01bbd47fc00a2c39e90264f33305004495a9","hash":"b5a73ecb7d1786079a2480abb8f17b5010381591"}
,"C:\\Users\\2231140\\Desktop\\MinecraftStatsAPI\\src\\middleware\\error.middleware.js": {"path":"C:\\Users\\2231140\\Desktop\\MinecraftStatsAPI\\src\\middleware\\error.middleware.js","statementMap":{"0":{"start":{"line":5,"column":2},"end":{"line":5,"column":31}},"1":{"start":{"line":8,"column":19},"end":{"line":8,"column":40}},"2":{"start":{"line":9,"column":16},"end":{"line":9,"column":54}},"3":{"start":{"line":12,"column":2},"end":{"line":35,"column":3}},"4":{"start":{"line":13,"column":4},"end":{"line":13,"column":21}},"5":{"start":{"line":14,"column":4},"end":{"line":14,"column":26}},"6":{"start":{"line":15,"column":9},"end":{"line":35,"column":3}},"7":{"start":{"line":16,"column":4},"end":{"line":16,"column":21}},"8":{"start":{"line":17,"column":4},"end":{"line":17,"column":39}},"9":{"start":{"line":18,"column":9},"end":{"line":35,"column":3}},"10":{"start":{"line":19,"column":4},"end":{"line":19,"column":21}},"11":{"start":{"line":20,"column":4},"end":{"line":20,"column":31}},"12":{"start":{"line":21,"column":9},"end":{"line":35,"column":3}},"13":{"start":{"line":22,"column":4},"end":{"line":22,"column":21}},"14":{"start":{"line":23,"column":4},"end":{"line":23,"column":31}},"15":{"start":{"line":24,"column":9},"end":{"line":35,"column":3}},"16":{"start":{"line":26,"column":4},"end":{"line":26,"column":21}},"17":{"start":{"line":27,"column":4},"end":{"line":27,"column":26}},"18":{"start":{"line":28,"column":9},"end":{"line":35,"column":3}},"19":{"start":{"line":30,"column":4},"end":{"line":30,"column":21}},"20":{"start":{"line":31,"column":4},"end":{"line":31,"column":26}},"21":{"start":{"line":32,"column":9},"end":{"line":35,"column":3}},"22":{"start":{"line":33,"column":4},"end":{"line":33,"column":21}},"23":{"start":{"line":34,"column":4},"end":{"line":34,"column":26}},"24":{"start":{"line":37,"column":2},"end":{"line":41,"column":5}},"25":{"start":{"line":48,"column":2},"end":{"line":52,"column":5}},"26":{"start":{"line":55,"column":0},"end":{"line":58,"column":2}}},"fnMap":{"0":{"name":"errorHandler","decl":{"start":{"line":4,"column":9},"end":{"line":4,"column":21}},"loc":{"start":{"line":4,"column":43},"end":{"line":42,"column":1}},"line":4},"1":{"name":"notFoundHandler","decl":{"start":{"line":47,"column":9},"end":{"line":47,"column":24}},"loc":{"start":{"line":47,"column":35},"end":{"line":53,"column":1}},"line":47}},"branchMap":{"0":{"loc":{"start":{"line":8,"column":19},"end":{"line":8,"column":40}},"type":"binary-expr","locations":[{"start":{"line":8,"column":19},"end":{"line":8,"column":33}},{"start":{"line":8,"column":37},"end":{"line":8,"column":40}}],"line":8},"1":{"loc":{"start":{"line":9,"column":16},"end":{"line":9,"column":54}},"type":"binary-expr","locations":[{"start":{"line":9,"column":16},"end":{"line":9,"column":27}},{"start":{"line":9,"column":31},"end":{"line":9,"column":54}}],"line":9},"2":{"loc":{"start":{"line":12,"column":2},"end":{"line":35,"column":3}},"type":"if","locations":[{"start":{"line":12,"column":2},"end":{"line":35,"column":3}},{"start":{"line":15,"column":9},"end":{"line":35,"column":3}}],"line":12},"3":{"loc":{"start":{"line":15,"column":9},"end":{"line":35,"column":3}},"type":"if","locations":[{"start":{"line":15,"column":9},"end":{"line":35,"column":3}},{"start":{"line":18,"column":9},"end":{"line":35,"column":3}}],"line":15},"4":{"loc":{"start":{"line":18,"column":9},"end":{"line":35,"column":3}},"type":"if","locations":[{"start":{"line":18,"column":9},"end":{"line":35,"column":3}},{"start":{"line":21,"column":9},"end":{"line":35,"column":3}}],"line":18},"5":{"loc":{"start":{"line":21,"column":9},"end":{"line":35,"column":3}},"type":"if","locations":[{"start":{"line":21,"column":9},"end":{"line":35,"column":3}},{"start":{"line":24,"column":9},"end":{"line":35,"column":3}}],"line":21},"6":{"loc":{"start":{"line":24,"column":9},"end":{"line":35,"column":3}},"type":"if","locations":[{"start":{"line":24,"column":9},"end":{"line":35,"column":3}},{"start":{"line":28,"column":9},"end":{"line":35,"column":3}}],"line":24},"7":{"loc":{"start":{"line":28,"column":9},"end":{"line":35,"column":3}},"type":"if","locations":[{"start":{"line":28,"column":9},"end":{"line":35,"column":3}},{"start":{"line":32,"column":9},"end":{"line":35,"column":3}}],"line":28},"8":{"loc":{"start":{"line":28,"column":13},"end":{"line":28,"column":67}},"type":"binary-expr","locations":[{"start":{"line":28,"column":13},"end":{"line":28,"column":24}},{"start":{"line":28,"column":28},"end":{"line":28,"column":67}}],"line":28},"9":{"loc":{"start":{"line":32,"column":9},"end":{"line":35,"column":3}},"type":"if","locations":[{"start":{"line":32,"column":9},"end":{"line":35,"column":3}},{"start":{},"end":{}}],"line":32},"10":{"loc":{"start":{"line":32,"column":13},"end":{"line":32,"column":68}},"type":"binary-expr","locations":[{"start":{"line":32,"column":13},"end":{"line":32,"column":24}},{"start":{"line":32,"column":28},"end":{"line":32,"column":68}}],"line":32},"11":{"loc":{"start":{"line":40,"column":8},"end":{"line":40,"column":70}},"type":"binary-expr","locations":[{"start":{"line":40,"column":8},"end":{"line":40,"column":46}},{"start":{"line":40,"column":50},"end":{"line":40,"column":70}}],"line":40}},"s":{"0":1,"1":1,"2":1,"3":1,"4":0,"5":0,"6":1,"7":0,"8":0,"9":1,"10":0,"11":0,"12":1,"13":0,"14":0,"15":1,"16":0,"17":0,"18":1,"19":1,"20":1,"21":0,"22":0,"23":0,"24":1,"25":1,"26":7},"f":{"0":1,"1":1},"b":{"0":[1,1],"1":[1,0],"2":[0,1],"3":[0,1],"4":[0,1],"5":[0,1],"6":[0,1],"7":[1,0],"8":[1,1],"9":[0,0],"10":[0,0],"11":[1,0]},"_coverageSchema":"1a1c01bbd47fc00a2c39e90264f33305004495a9","hash":"6881871e7d19b1a9106d7a2154f9f09fc1e08c65"}
,"C:\\Users\\2231140\\Desktop\\MinecraftStatsAPI\\src\\middleware\\rate-limit.middleware.js": {"path":"C:\\Users\\2231140\\Desktop\\MinecraftStatsAPI\\src\\middleware\\rate-limit.middleware.js","statementMap":{"0":{"start":{"line":1,"column":18},"end":{"line":1,"column":47}},"1":{"start":{"line":6,"column":19},"end":{"line":6,"column":56}},"2":{"start":{"line":6,"column":25},"end":{"line":6,"column":56}},"3":{"start":{"line":12,"column":19},"end":{"line":29,"column":2}},"4":{"start":{"line":23,"column":4},"end":{"line":27,"column":7}},"5":{"start":{"line":35,"column":22},"end":{"line":52,"column":2}},"6":{"start":{"line":46,"column":4},"end":{"line":50,"column":7}},"7":{"start":{"line":58,"column":21},"end":{"line":75,"column":2}},"8":{"start":{"line":69,"column":4},"end":{"line":73,"column":7}},"9":{"start":{"line":81,"column":22},"end":{"line":98,"column":2}},"10":{"start":{"line":92,"column":4},"end":{"line":96,"column":7}},"11":{"start":{"line":100,"column":0},"end":{"line":105,"column":2}}},"fnMap":{"0":{"name":"(anonymous_0)","decl":{"start":{"line":6,"column":19},"end":{"line":6,"column":20}},"loc":{"start":{"line":6,"column":25},"end":{"line":6,"column":56}},"line":6},"1":{"name":"(anonymous_1)","decl":{"start":{"line":22,"column":11},"end":{"line":22,"column":12}},"loc":{"start":{"line":22,"column":25},"end":{"line":28,"column":3}},"line":22},"2":{"name":"(anonymous_2)","decl":{"start":{"line":45,"column":11},"end":{"line":45,"column":12}},"loc":{"start":{"line":45,"column":25},"end":{"line":51,"column":3}},"line":45},"3":{"name":"(anonymous_3)","decl":{"start":{"line":68,"column":11},"end":{"line":68,"column":12}},"loc":{"start":{"line":68,"column":25},"end":{"line":74,"column":3}},"line":68},"4":{"name":"(anonymous_4)","decl":{"start":{"line":91,"column":11},"end":{"line":91,"column":12}},"loc":{"start":{"line":91,"column":25},"end":{"line":97,"column":3}},"line":91}},"branchMap":{},"s":{"0":7,"1":7,"2":144,"3":7,"4":0,"5":7,"6":0,"7":7,"8":0,"9":7,"10":0,"11":7},"f":{"0":144,"1":0,"2":0,"3":0,"4":0},"b":{},"_coverageSchema":"1a1c01bbd47fc00a2c39e90264f33305004495a9","hash":"d229d2cea201fe81c77942b0dce3dc860e585d77"}
,"C:\\Users\\2231140\\Desktop\\MinecraftStatsAPI\\src\\middleware\\upload.middleware.js": {"path":"C:\\Users\\2231140\\Desktop\\MinecraftStatsAPI\\src\\middleware\\upload.middleware.js","statementMap":{"0":{"start":{"line":1,"column":15},"end":{"line":1,"column":32}},"1":{"start":{"line":2,"column":24},"end":{"line":2,"column":54}},"2":{"start":{"line":7,"column":20},"end":{"line":23,"column":2}},"3":{"start":{"line":13,"column":4},"end":{"line":21,"column":5}},"4":{"start":{"line":18,"column":6},"end":{"line":18,"column":21}},"5":{"start":{"line":20,"column":6},"end":{"line":20,"column":58}},"6":{"start":{"line":28,"column":19},"end":{"line":43,"column":2}},"7":{"start":{"line":34,"column":4},"end":{"line":41,"column":5}},"8":{"start":{"line":38,"column":6},"end":{"line":38,"column":21}},"9":{"start":{"line":40,"column":6},"end":{"line":40,"column":59}},"10":{"start":{"line":45,"column":0},"end":{"line":48,"column":2}}},"fnMap":{"0":{"name":"(anonymous_0)","decl":{"start":{"line":12,"column":14},"end":{"line":12,"column":15}},"loc":{"start":{"line":12,"column":33},"end":{"line":22,"column":3}},"line":12},"1":{"name":"(anonymous_1)","decl":{"start":{"line":33,"column":14},"end":{"line":33,"column":15}},"loc":{"start":{"line":33,"column":33},"end":{"line":42,"column":3}},"line":33}},"branchMap":{"0":{"loc":{"start":{"line":13,"column":4},"end":{"line":21,"column":5}},"type":"if","locations":[{"start":{"line":13,"column":4},"end":{"line":21,"column":5}},{"start":{"line":19,"column":11},"end":{"line":21,"column":5}}],"line":13},"1":{"loc":{"start":{"line":14,"column":6},"end":{"line":16,"column":40}},"type":"binary-expr","locations":[{"start":{"line":14,"column":6},"end":{"line":14,"column":41}},{"start":{"line":15,"column":6},"end":{"line":15,"column":54}},{"start":{"line":16,"column":6},"end":{"line":16,"column":40}}],"line":14},"2":{"loc":{"start":{"line":34,"column":4},"end":{"line":41,"column":5}},"type":"if","locations":[{"start":{"line":34,"column":4},"end":{"line":41,"column":5}},{"start":{"line":39,"column":11},"end":{"line":41,"column":5}}],"line":34},"3":{"loc":{"start":{"line":35,"column":6},"end":{"line":36,"column":41}},"type":"binary-expr","locations":[{"start":{"line":35,"column":6},"end":{"line":35,"column":42}},{"start":{"line":36,"column":6},"end":{"line":36,"column":41}}],"line":35}},"s":{"0":7,"1":7,"2":7,"3":2,"4":1,"5":1,"6":7,"7":0,"8":0,"9":0,"10":7},"f":{"0":2,"1":0},"b":{"0":[1,1],"1":[2,1,1],"2":[0,0],"3":[0,0]},"_coverageSchema":"1a1c01bbd47fc00a2c39e90264f33305004495a9","hash":"597c6cb83a8cd8de62d1e302cae63efd437543ce"}
,"C:\\Users\\2231140\\Desktop\\MinecraftStatsAPI\\src\\middleware\\validation.middleware.js": {"path":"C:\\Users\\2231140\\Desktop\\MinecraftStatsAPI\\src\\middleware\\validation.middleware.js","statementMap":{"0":{"start":{"line":1,"column":12},"end":{"line":1,"column":26}},"1":{"start":{"line":6,"column":16},"end":{"line":92,"column":1}},"2":{"start":{"line":100,"column":17},"end":{"line":122,"column":1}},"3":{"start":{"line":101,"column":2},"end":{"line":121,"column":4}},"4":{"start":{"line":102,"column":17},"end":{"line":102,"column":28}},"5":{"start":{"line":104,"column":29},"end":{"line":107,"column":6}},"6":{"start":{"line":109,"column":4},"end":{"line":116,"column":5}},"7":{"start":{"line":111,"column":27},"end":{"line":111,"column":51}},"8":{"start":{"line":112,"column":6},"end":{"line":115,"column":9}},"9":{"start":{"line":119,"column":4},"end":{"line":119,"column":24}},"10":{"start":{"line":120,"column":4},"end":{"line":120,"column":11}},"11":{"start":{"line":124,"column":0},"end":{"line":124,"column":39}}},"fnMap":{"0":{"name":"(anonymous_0)","decl":{"start":{"line":100,"column":17},"end":{"line":100,"column":18}},"loc":{"start":{"line":100,"column":46},"end":{"line":122,"column":1}},"line":100},"1":{"name":"(anonymous_1)","decl":{"start":{"line":101,"column":9},"end":{"line":101,"column":10}},"loc":{"start":{"line":101,"column":29},"end":{"line":121,"column":3}},"line":101}},"branchMap":{"0":{"loc":{"start":{"line":100,"column":26},"end":{"line":100,"column":41}},"type":"default-arg","locations":[{"start":{"line":100,"column":35},"end":{"line":100,"column":41}}],"line":100},"1":{"loc":{"start":{"line":109,"column":4},"end":{"line":116,"column":5}},"type":"if","locations":[{"start":{"line":109,"column":4},"end":{"line":116,"column":5}},{"start":{},"end":{}}],"line":109}},"s":{"0":7,"1":7,"2":7,"3":91,"4":90,"5":90,"6":90,"7":11,"8":11,"9":79,"10":79,"11":7},"f":{"0":91,"1":90},"b":{"0":[42],"1":[11,79]},"_coverageSchema":"1a1c01bbd47fc00a2c39e90264f33305004495a9","hash":"4d010b99b4e69ae8ffa02602bc523acf7b6314c5"}
,"C:\\Users\\2231140\\Desktop\\MinecraftStatsAPI\\src\\routes\\admin.routes.js": {"path":"C:\\Users\\2231140\\Desktop\\MinecraftStatsAPI\\src\\routes\\admin.routes.js","statementMap":{"0":{"start":{"line":1,"column":16},"end":{"line":1,"column":34}},"1":{"start":{"line":2,"column":15},"end":{"line":2,"column":31}},"2":{"start":{"line":3,"column":24},"end":{"line":3,"column":66}},"3":{"start":{"line":4,"column":30},"end":{"line":4,"column":76}},"4":{"start":{"line":6,"column":0},"end":{"line":6,"column":80}},"5":{"start":{"line":8,"column":0},"end":{"line":8,"column":48}},"6":{"start":{"line":10,"column":0},"end":{"line":14,"column":2}},"7":{"start":{"line":16,"column":0},"end":{"line":21,"column":2}},"8":{"start":{"line":23,"column":0},"end":{"line":27,"column":2}},"9":{"start":{"line":29,"column":0},"end":{"line":33,"column":2}},"10":{"start":{"line":35,"column":0},"end":{"line":35,"column":59}},"11":{"start":{"line":37,"column":0},"end":{"line":37,"column":24}}},"fnMap":{},"branchMap":{},"s":{"0":7,"1":7,"2":7,"3":7,"4":7,"5":7,"6":7,"7":7,"8":7,"9":7,"10":7,"11":7},"f":{},"b":{},"_coverageSchema":"1a1c01bbd47fc00a2c39e90264f33305004495a9","hash":"5321c4aafb97e8b3ef96879d0cf54390d621ec02"}
,"C:\\Users\\2231140\\Desktop\\MinecraftStatsAPI\\src\\routes\\cache.routes.js": {"path":"C:\\Users\\2231140\\Desktop\\MinecraftStatsAPI\\src\\routes\\cache.routes.js","statementMap":{"0":{"start":{"line":1,"column":16},"end":{"line":1,"column":34}},"1":{"start":{"line":2,"column":15},"end":{"line":2,"column":31}},"2":{"start":{"line":3,"column":24},"end":{"line":3,"column":66}},"3":{"start":{"line":5,"column":0},"end":{"line":5,"column":47}},"4":{"start":{"line":7,"column":0},"end":{"line":7,"column":52}},"5":{"start":{"line":9,"column":0},"end":{"line":9,"column":24}}},"fnMap":{},"branchMap":{},"s":{"0":7,"1":7,"2":7,"3":7,"4":7,"5":7},"f":{},"b":{},"_coverageSchema":"1a1c01bbd47fc00a2c39e90264f33305004495a9","hash":"cc96414a7d648f752658a37ad9718facd1b10c89"}
,"C:\\Users\\2231140\\Desktop\\MinecraftStatsAPI\\src\\routes\\mojang.routes.js": {"path":"C:\\Users\\2231140\\Desktop\\MinecraftStatsAPI\\src\\routes\\mojang.routes.js","statementMap":{"0":{"start":{"line":1,"column":16},"end":{"line":1,"column":34}},"1":{"start":{"line":2,"column":15},"end":{"line":2,"column":31}},"2":{"start":{"line":3,"column":25},"end":{"line":3,"column":68}},"3":{"start":{"line":4,"column":30},"end":{"line":4,"column":76}},"4":{"start":{"line":6,"column":0},"end":{"line":10,"column":2}},"5":{"start":{"line":12,"column":0},"end":{"line":12,"column":24}}},"fnMap":{},"branchMap":{},"s":{"0":7,"1":7,"2":7,"3":7,"4":7,"5":7},"f":{},"b":{},"_coverageSchema":"1a1c01bbd47fc00a2c39e90264f33305004495a9","hash":"0e3fd5744b237497994dc22b252f6d572ccdd860"}
,"C:\\Users\\2231140\\Desktop\\MinecraftStatsAPI\\src\\routes\\player.routes.js": {"path":"C:\\Users\\2231140\\Desktop\\MinecraftStatsAPI\\src\\routes\\player.routes.js","statementMap":{"0":{"start":{"line":1,"column":16},"end":{"line":1,"column":34}},"1":{"start":{"line":2,"column":15},"end":{"line":2,"column":31}},"2":{"start":{"line":3,"column":25},"end":{"line":3,"column":68}},"3":{"start":{"line":4,"column":30},"end":{"line":4,"column":76}},"4":{"start":{"line":6,"column":0},"end":{"line":6,"column":51}},"5":{"start":{"line":8,"column":0},"end":{"line":8,"column":56}},"6":{"start":{"line":10,"column":0},"end":{"line":14,"column":2}},"7":{"start":{"line":16,"column":0},"end":{"line":20,"column":2}},"8":{"start":{"line":22,"column":0},"end":{"line":26,"column":2}},"9":{"start":{"line":28,"column":0},"end":{"line":32,"column":2}},"10":{"start":{"line":34,"column":0},"end":{"line":38,"column":2}},"11":{"start":{"line":40,"column":0},"end":{"line":44,"column":2}},"12":{"start":{"line":46,"column":0},"end":{"line":46,"column":24}}},"fnMap":{},"branchMap":{},"s":{"0":7,"1":7,"2":7,"3":7,"4":7,"5":7,"6":7,"7":7,"8":7,"9":7,"10":7,"11":7,"12":7},"f":{},"b":{},"_coverageSchema":"1a1c01bbd47fc00a2c39e90264f33305004495a9","hash":"d7bddfde8ee0379b882cf3d60b26a84f7aa35a24"}
,"C:\\Users\\2231140\\Desktop\\MinecraftStatsAPI\\src\\routes\\world.routes.js": {"path":"C:\\Users\\2231140\\Desktop\\MinecraftStatsAPI\\src\\routes\\world.routes.js","statementMap":{"0":{"start":{"line":1,"column":16},"end":{"line":1,"column":34}},"1":{"start":{"line":2,"column":15},"end":{"line":2,"column":31}},"2":{"start":{"line":3,"column":24},"end":{"line":3,"column":66}},"3":{"start":{"line":4,"column":24},"end":{"line":4,"column":66}},"4":{"start":{"line":6,"column":0},"end":{"line":10,"column":2}},"5":{"start":{"line":12,"column":0},"end":{"line":12,"column":80}},"6":{"start":{"line":14,"column":0},"end":{"line":14,"column":53}},"7":{"start":{"line":16,"column":0},"end":{"line":16,"column":56}},"8":{"start":{"line":18,"column":0},"end":{"line":18,"column":56}},"9":{"start":{"line":20,"column":0},"end":{"line":20,"column":24}}},"fnMap":{},"branchMap":{},"s":{"0":7,"1":7,"2":7,"3":7,"4":7,"5":7,"6":7,"7":7,"8":7,"9":7},"f":{},"b":{},"_coverageSchema":"1a1c01bbd47fc00a2c39e90264f33305004495a9","hash":"4388f8e8dbe35d73a3990c34fa708eae952ac8e4"}
,"C:\\Users\\2231140\\Desktop\\MinecraftStatsAPI\\src\\services\\mojang.service.js": {"path":"C:\\Users\\2231140\\Desktop\\MinecraftStatsAPI\\src\\services\\mojang.service.js","statementMap":{"0":{"start":{"line":1,"column":14},"end":{"line":1,"column":30}},"1":{"start":{"line":2,"column":14},"end":{"line":2,"column":39}},"2":{"start":{"line":7,"column":19},"end":{"line":7,"column":34}},"3":{"start":{"line":8,"column":4},"end":{"line":10,"column":5}},"4":{"start":{"line":9,"column":6},"end":{"line":9,"column":20}},"5":{"start":{"line":12,"column":4},"end":{"line":60,"column":5}},"6":{"start":{"line":14,"column":24},"end":{"line":14,"column":46}},"7":{"start":{"line":17,"column":23},"end":{"line":20,"column":7}},"8":{"start":{"line":22,"column":22},"end":{"line":27,"column":7}},"9":{"start":{"line":30,"column":6},"end":{"line":43,"column":7}},"10":{"start":{"line":31,"column":32},"end":{"line":33,"column":9}},"11":{"start":{"line":32,"column":17},"end":{"line":32,"column":38}},"12":{"start":{"line":34,"column":8},"end":{"line":42,"column":9}},"13":{"start":{"line":35,"column":27},"end":{"line":37,"column":11}},"14":{"start":{"line":38,"column":10},"end":{"line":41,"column":11}},"15":{"start":{"line":39,"column":12},"end":{"line":39,"column":63}},"16":{"start":{"line":40,"column":12},"end":{"line":40,"column":63}},"17":{"start":{"line":46,"column":6},"end":{"line":46,"column":31}},"18":{"start":{"line":48,"column":6},"end":{"line":48,"column":21}},"19":{"start":{"line":50,"column":6},"end":{"line":50,"column":74}},"20":{"start":{"line":53,"column":6},"end":{"line":59,"column":8}},"21":{"start":{"line":64,"column":0},"end":{"line":64,"column":37}}},"fnMap":{"0":{"name":"(anonymous_0)","decl":{"start":{"line":5,"column":2},"end":{"line":5,"column":3}},"loc":{"start":{"line":5,"column":33},"end":{"line":61,"column":3}},"line":5},"1":{"name":"(anonymous_1)","decl":{"start":{"line":32,"column":10},"end":{"line":32,"column":11}},"loc":{"start":{"line":32,"column":17},"end":{"line":32,"column":38}},"line":32}},"branchMap":{"0":{"loc":{"start":{"line":8,"column":4},"end":{"line":10,"column":5}},"type":"if","locations":[{"start":{"line":8,"column":4},"end":{"line":10,"column":5}},{"start":{},"end":{}}],"line":8},"1":{"loc":{"start":{"line":30,"column":6},"end":{"line":43,"column":7}},"type":"if","locations":[{"start":{"line":30,"column":6},"end":{"line":43,"column":7}},{"start":{},"end":{}}],"line":30},"2":{"loc":{"start":{"line":34,"column":8},"end":{"line":42,"column":9}},"type":"if","locations":[{"start":{"line":34,"column":8},"end":{"line":42,"column":9}},{"start":{},"end":{}}],"line":34},"3":{"loc":{"start":{"line":38,"column":10},"end":{"line":41,"column":11}},"type":"if","locations":[{"start":{"line":38,"column":10},"end":{"line":41,"column":11}},{"start":{},"end":{}}],"line":38},"4":{"loc":{"start":{"line":39,"column":27},"end":{"line":39,"column":62}},"type":"binary-expr","locations":[{"start":{"line":39,"column":27},"end":{"line":39,"column":54}},{"start":{"line":39,"column":58},"end":{"line":39,"column":62}}],"line":39},"5":{"loc":{"start":{"line":40,"column":27},"end":{"line":40,"column":62}},"type":"binary-expr","locations":[{"start":{"line":40,"column":27},"end":{"line":40,"column":54}},{"start":{"line":40,"column":58},"end":{"line":40,"column":62}}],"line":40}},"s":{"0":8,"1":8,"2":8,"3":8,"4":5,"5":3,"6":3,"7":3,"8":3,"9":3,"10":1,"11":1,"12":1,"13":1,"14":1,"15":1,"16":1,"17":3,"18":3,"19":0,"20":0,"21":8},"f":{"0":8,"1":1},"b":{"0":[5,3],"1":[1,2],"2":[1,0],"3":[1,0],"4":[1,0],"5":[1,1]},"_coverageSchema":"1a1c01bbd47fc00a2c39e90264f33305004495a9","hash":"cd0e9b7c6fb589b6882c36e4ca04fd04dc879ee3"}
,"C:\\Users\\2231140\\Desktop\\MinecraftStatsAPI\\src\\services\\nbt.service.js": {"path":"C:\\Users\\2231140\\Desktop\\MinecraftStatsAPI\\src\\services\\nbt.service.js","statementMap":{"0":{"start":{"line":1,"column":11},"end":{"line":1,"column":33}},"1":{"start":{"line":2,"column":13},"end":{"line":2,"column":28}},"2":{"start":{"line":3,"column":12},"end":{"line":3,"column":37}},"3":{"start":{"line":10,"column":23},"end":{"line":15,"column":5}},"4":{"start":{"line":17,"column":4},"end":{"line":81,"column":5}},"5":{"start":{"line":18,"column":23},"end":{"line":18,"column":57}},"6":{"start":{"line":19,"column":6},"end":{"line":80,"column":7}},"7":{"start":{"line":20,"column":23},"end":{"line":20,"column":50}},"8":{"start":{"line":21,"column":27},"end":{"line":21,"column":50}},"9":{"start":{"line":23,"column":26},"end":{"line":23,"column":28}},"10":{"start":{"line":24,"column":25},"end":{"line":24,"column":26}},"11":{"start":{"line":26,"column":8},"end":{"line":69,"column":9}},"12":{"start":{"line":30,"column":10},"end":{"line":68,"column":11}},"13":{"start":{"line":31,"column":25},"end":{"line":31,"column":49}},"14":{"start":{"line":32,"column":23},"end":{"line":32,"column":77}},"15":{"start":{"line":33,"column":26},"end":{"line":33,"column":48}},"16":{"start":{"line":35,"column":33},"end":{"line":35,"column":35}},"17":{"start":{"line":36,"column":12},"end":{"line":44,"column":13}},"18":{"start":{"line":37,"column":28},"end":{"line":37,"column":67}},"19":{"start":{"line":38,"column":14},"end":{"line":43,"column":15}},"20":{"start":{"line":39,"column":16},"end":{"line":42,"column":19}},"21":{"start":{"line":46,"column":29},"end":{"line":46,"column":33}},"22":{"start":{"line":47,"column":12},"end":{"line":56,"column":13}},"23":{"start":{"line":48,"column":14},"end":{"line":55,"column":15}},"24":{"start":{"line":49,"column":33},"end":{"line":51,"column":17}},"25":{"start":{"line":52,"column":16},"end":{"line":52,"column":51}},"26":{"start":{"line":54,"column":16},"end":{"line":54,"column":34}},"27":{"start":{"line":58,"column":12},"end":{"line":65,"column":15}},"28":{"start":{"line":67,"column":12},"end":{"line":67,"column":32}},"29":{"start":{"line":71,"column":8},"end":{"line":76,"column":10}},"30":{"start":{"line":79,"column":8},"end":{"line":79,"column":17}},"31":{"start":{"line":84,"column":4},"end":{"line":89,"column":6}},"32":{"start":{"line":93,"column":0},"end":{"line":93,"column":34}}},"fnMap":{"0":{"name":"(anonymous_0)","decl":{"start":{"line":9,"column":2},"end":{"line":9,"column":3}},"loc":{"start":{"line":9,"column":49},"end":{"line":90,"column":3}},"line":9}},"branchMap":{"0":{"loc":{"start":{"line":26,"column":8},"end":{"line":69,"column":9}},"type":"if","locations":[{"start":{"line":26,"column":8},"end":{"line":69,"column":9}},{"start":{},"end":{}}],"line":26},"1":{"loc":{"start":{"line":27,"column":10},"end":{"line":28,"column":59}},"type":"binary-expr","locations":[{"start":{"line":27,"column":10},"end":{"line":27,"column":32}},{"start":{"line":28,"column":10},"end":{"line":28,"column":59}}],"line":27},"2":{"loc":{"start":{"line":31,"column":25},"end":{"line":31,"column":49}},"type":"binary-expr","locations":[{"start":{"line":31,"column":25},"end":{"line":31,"column":41}},{"start":{"line":31,"column":45},"end":{"line":31,"column":49}}],"line":31},"3":{"loc":{"start":{"line":32,"column":23},"end":{"line":32,"column":77}},"type":"binary-expr","locations":[{"start":{"line":32,"column":23},"end":{"line":32,"column":64}},{"start":{"line":32,"column":68},"end":{"line":32,"column":77}}],"line":32},"4":{"loc":{"start":{"line":33,"column":26},"end":{"line":33,"column":48}},"type":"binary-expr","locations":[{"start":{"line":33,"column":26},"end":{"line":33,"column":43}},{"start":{"line":33,"column":47},"end":{"line":33,"column":48}}],"line":33},"5":{"loc":{"start":{"line":36,"column":12},"end":{"line":44,"column":13}},"type":"if","locations":[{"start":{"line":36,"column":12},"end":{"line":44,"column":13}},{"start":{},"end":{}}],"line":36},"6":{"loc":{"start":{"line":40,"column":22},"end":{"line":40,"column":76}},"type":"binary-expr","locations":[{"start":{"line":40,"column":22},"end":{"line":40,"column":63}},{"start":{"line":40,"column":67},"end":{"line":40,"column":76}}],"line":40},"7":{"loc":{"start":{"line":41,"column":25},"end":{"line":41,"column":45}},"type":"binary-expr","locations":[{"start":{"line":41,"column":25},"end":{"line":41,"column":40}},{"start":{"line":41,"column":44},"end":{"line":41,"column":45}}],"line":41},"8":{"loc":{"start":{"line":47,"column":12},"end":{"line":56,"column":13}},"type":"if","locations":[{"start":{"line":47,"column":12},"end":{"line":56,"column":13}},{"start":{},"end":{}}],"line":47},"9":{"loc":{"start":{"line":52,"column":29},"end":{"line":52,"column":50}},"type":"binary-expr","locations":[{"start":{"line":52,"column":29},"end":{"line":52,"column":42}},{"start":{"line":52,"column":46},"end":{"line":52,"column":50}}],"line":52}},"s":{"0":7,"1":7,"2":7,"3":3,"4":3,"5":12,"6":12,"7":12,"8":0,"9":0,"10":0,"11":0,"12":0,"13":0,"14":0,"15":0,"16":0,"17":0,"18":0,"19":0,"20":0,"21":0,"22":0,"23":0,"24":0,"25":0,"26":0,"27":0,"28":0,"29":0,"30":12,"31":3,"32":7},"f":{"0":3},"b":{"0":[0,0],"1":[0,0],"2":[0,0],"3":[0,0],"4":[0,0],"5":[0,0],"6":[0,0],"7":[0,0],"8":[0,0],"9":[0,0]},"_coverageSchema":"1a1c01bbd47fc00a2c39e90264f33305004495a9","hash":"0c5957ccd788de68d3726266ff25d78ba33729a4"}
,"C:\\Users\\2231140\\Desktop\\MinecraftStatsAPI\\src\\services\\player.service.js": {"path":"C:\\Users\\2231140\\Desktop\\MinecraftStatsAPI\\src\\services\\player.service.js","statementMap":{"0":{"start":{"line":1,"column":19},"end":{"line":1,"column":43}},"1":{"start":{"line":2,"column":22},"end":{"line":2,"column":49}},"2":{"start":{"line":3,"column":21},"end":{"line":3,"column":47}},"3":{"start":{"line":4,"column":20},"end":{"line":4,"column":45}},"4":{"start":{"line":11,"column":37},"end":{"line":14,"column":6}},"5":{"start":{"line":16,"column":4},"end":{"line":23,"column":6}},"6":{"start":{"line":30,"column":4},"end":{"line":50,"column":5}},"7":{"start":{"line":31,"column":50},"end":{"line":35,"column":8}},"8":{"start":{"line":32,"column":64},"end":{"line":32,"column":68}},"9":{"start":{"line":37,"column":6},"end":{"line":46,"column":8}},"10":{"start":{"line":48,"column":6},"end":{"line":48,"column":60}},"11":{"start":{"line":49,"column":6},"end":{"line":49,"column":18}},"12":{"start":{"line":63,"column":23},"end":{"line":63,"column":69}},"13":{"start":{"line":64,"column":19},"end":{"line":64,"column":48}},"14":{"start":{"line":64,"column":41},"end":{"line":64,"column":47}},"15":{"start":{"line":67,"column":4},"end":{"line":75,"column":5}},"16":{"start":{"line":68,"column":28},"end":{"line":68,"column":72}},"17":{"start":{"line":69,"column":6},"end":{"line":74,"column":7}},"18":{"start":{"line":70,"column":26},"end":{"line":70,"column":78}},"19":{"start":{"line":70,"column":60},"end":{"line":70,"column":76}},"20":{"start":{"line":71,"column":8},"end":{"line":73,"column":10}},"21":{"start":{"line":72,"column":20},"end":{"line":72,"column":54}},"22":{"start":{"line":77,"column":25},"end":{"line":77,"column":33}},"23":{"start":{"line":78,"column":4},"end":{"line":83,"column":5}},"24":{"start":{"line":79,"column":24},"end":{"line":79,"column":74}},"25":{"start":{"line":79,"column":56},"end":{"line":79,"column":72}},"26":{"start":{"line":80,"column":6},"end":{"line":82,"column":8}},"27":{"start":{"line":81,"column":8},"end":{"line":81,"column":41}},"28":{"start":{"line":85,"column":20},"end":{"line":89,"column":5}},"29":{"start":{"line":87,"column":8},"end":{"line":87,"column":74}},"30":{"start":{"line":91,"column":4},"end":{"line":91,"column":19}},"31":{"start":{"line":95,"column":0},"end":{"line":95,"column":37}}},"fnMap":{"0":{"name":"(anonymous_0)","decl":{"start":{"line":10,"column":2},"end":{"line":10,"column":3}},"loc":{"start":{"line":10,"column":52},"end":{"line":24,"column":3}},"line":10},"1":{"name":"(anonymous_1)","decl":{"start":{"line":29,"column":2},"end":{"line":29,"column":3}},"loc":{"start":{"line":29,"column":70},"end":{"line":51,"column":3}},"line":29},"2":{"name":"(anonymous_2)","decl":{"start":{"line":32,"column":58},"end":{"line":32,"column":59}},"loc":{"start":{"line":32,"column":64},"end":{"line":32,"column":68}},"line":32},"3":{"name":"(anonymous_3)","decl":{"start":{"line":57,"column":2},"end":{"line":57,"column":3}},"loc":{"start":{"line":62,"column":4},"end":{"line":92,"column":3}},"line":62},"4":{"name":"(anonymous_4)","decl":{"start":{"line":64,"column":34},"end":{"line":64,"column":35}},"loc":{"start":{"line":64,"column":41},"end":{"line":64,"column":47}},"line":64},"5":{"name":"(anonymous_5)","decl":{"start":{"line":70,"column":52},"end":{"line":70,"column":53}},"loc":{"start":{"line":70,"column":60},"end":{"line":70,"column":76}},"line":70},"6":{"name":"(anonymous_6)","decl":{"start":{"line":72,"column":10},"end":{"line":72,"column":11}},"loc":{"start":{"line":72,"column":20},"end":{"line":72,"column":54}},"line":72},"7":{"name":"(anonymous_7)","decl":{"start":{"line":79,"column":48},"end":{"line":79,"column":49}},"loc":{"start":{"line":79,"column":56},"end":{"line":79,"column":72}},"line":79},"8":{"name":"(anonymous_8)","decl":{"start":{"line":80,"column":39},"end":{"line":80,"column":40}},"loc":{"start":{"line":81,"column":8},"end":{"line":81,"column":41}},"line":81},"9":{"name":"(anonymous_9)","decl":{"start":{"line":86,"column":25},"end":{"line":86,"column":26}},"loc":{"start":{"line":87,"column":8},"end":{"line":87,"column":74}},"line":87}},"branchMap":{"0":{"loc":{"start":{"line":39,"column":14},"end":{"line":39,"column":51}},"type":"binary-expr","locations":[{"start":{"line":39,"column":14},"end":{"line":39,"column":27}},{"start":{"line":39,"column":31},"end":{"line":39,"column":51}}],"line":39},"1":{"loc":{"start":{"line":40,"column":14},"end":{"line":40,"column":35}},"type":"binary-expr","locations":[{"start":{"line":40,"column":14},"end":{"line":40,"column":27}},{"start":{"line":40,"column":31},"end":{"line":40,"column":35}}],"line":40},"2":{"loc":{"start":{"line":41,"column":14},"end":{"line":41,"column":35}},"type":"binary-expr","locations":[{"start":{"line":41,"column":14},"end":{"line":41,"column":27}},{"start":{"line":41,"column":31},"end":{"line":41,"column":35}}],"line":41},"3":{"loc":{"start":{"line":42,"column":15},"end":{"line":42,"column":37}},"type":"binary-expr","locations":[{"start":{"line":42,"column":15},"end":{"line":42,"column":31}},{"start":{"line":42,"column":35},"end":{"line":42,"column":37}}],"line":42},"4":{"loc":{"start":{"line":43,"column":18},"end":{"line":43,"column":43}},"type":"binary-expr","locations":[{"start":{"line":43,"column":18},"end":{"line":43,"column":37}},{"start":{"line":43,"column":41},"end":{"line":43,"column":43}}],"line":43},"5":{"loc":{"start":{"line":60,"column":4},"end":{"line":60,"column":22}},"type":"default-arg","locations":[{"start":{"line":60,"column":18},"end":{"line":60,"column":22}}],"line":60},"6":{"loc":{"start":{"line":61,"column":4},"end":{"line":61,"column":19}},"type":"default-arg","locations":[{"start":{"line":61,"column":15},"end":{"line":61,"column":19}}],"line":61},"7":{"loc":{"start":{"line":67,"column":4},"end":{"line":75,"column":5}},"type":"if","locations":[{"start":{"line":67,"column":4},"end":{"line":75,"column":5}},{"start":{},"end":{}}],"line":67},"8":{"loc":{"start":{"line":69,"column":6},"end":{"line":74,"column":7}},"type":"if","locations":[{"start":{"line":69,"column":6},"end":{"line":74,"column":7}},{"start":{},"end":{}}],"line":69},"9":{"loc":{"start":{"line":78,"column":4},"end":{"line":83,"column":5}},"type":"if","locations":[{"start":{"line":78,"column":4},"end":{"line":83,"column":5}},{"start":{},"end":{}}],"line":78},"10":{"loc":{"start":{"line":78,"column":8},"end":{"line":78,"column":75}},"type":"binary-expr","locations":[{"start":{"line":78,"column":8},"end":{"line":78,"column":19}},{"start":{"line":78,"column":23},"end":{"line":78,"column":49}},{"start":{"line":78,"column":53},"end":{"line":78,"column":75}}],"line":78}},"s":{"0":7,"1":7,"2":7,"3":7,"4":1,"5":1,"6":2,"7":2,"8":1,"9":2,"10":0,"11":0,"12":5,"13":5,"14":1,"15":5,"16":5,"17":5,"18":0,"19":0,"20":0,"21":0,"22":5,"23":5,"24":1,"25":2,"26":1,"27":0,"28":5,"29":1,"30":5,"31":7},"f":{"0":1,"1":2,"2":1,"3":5,"4":1,"5":0,"6":0,"7":2,"8":0,"9":1},"b":{"0":[2,2],"1":[2,2],"2":[2,2],"3":[2,1],"4":[2,1],"5":[0],"6":[0],"7":[5,0],"8":[0,5],"9":[1,4],"10":[5,1,1]},"_coverageSchema":"1a1c01bbd47fc00a2c39e90264f33305004495a9","hash":"1d9938ac20f2e2b004cb3ca55c57a533b59b9a54"}
,"C:\\Users\\2231140\\Desktop\\MinecraftStatsAPI\\src\\services\\stats.service.js": {"path":"C:\\Users\\2231140\\Desktop\\MinecraftStatsAPI\\src\\services\\stats.service.js","statementMap":{"0":{"start":{"line":1,"column":11},"end":{"line":1,"column":33}},"1":{"start":{"line":2,"column":13},"end":{"line":2,"column":28}},"2":{"start":{"line":3,"column":26},"end":{"line":3,"column":53}},"3":{"start":{"line":4,"column":22},"end":{"line":4,"column":49}},"4":{"start":{"line":12,"column":23},"end":{"line":12,"column":25}},"5":{"start":{"line":13,"column":4},"end":{"line":23,"column":5}},"6":{"start":{"line":14,"column":28},"end":{"line":14,"column":62}},"7":{"start":{"line":15,"column":6},"end":{"line":22,"column":7}},"8":{"start":{"line":16,"column":8},"end":{"line":16,"column":39}},"9":{"start":{"line":17,"column":8},"end":{"line":19,"column":9}},"10":{"start":{"line":18,"column":10},"end":{"line":18,"column":73}},"11":{"start":{"line":21,"column":8},"end":{"line":21,"column":43}},"12":{"start":{"line":25,"column":24},"end":{"line":25,"column":47}},"13":{"start":{"line":26,"column":18},"end":{"line":26,"column":40}},"14":{"start":{"line":27,"column":19},"end":{"line":27,"column":42}},"15":{"start":{"line":29,"column":29},"end":{"line":32,"column":5}},"16":{"start":{"line":30,"column":20},"end":{"line":30,"column":29}},"17":{"start":{"line":33,"column":28},"end":{"line":36,"column":5}},"18":{"start":{"line":34,"column":20},"end":{"line":34,"column":29}},"19":{"start":{"line":38,"column":4},"end":{"line":53,"column":6}},"20":{"start":{"line":60,"column":21},"end":{"line":60,"column":50}},"21":{"start":{"line":61,"column":20},"end":{"line":61,"column":56}},"22":{"start":{"line":62,"column":17},"end":{"line":62,"column":36}},"23":{"start":{"line":64,"column":17},"end":{"line":64,"column":49}},"24":{"start":{"line":65,"column":20},"end":{"line":65,"column":64}},"25":{"start":{"line":67,"column":4},"end":{"line":75,"column":6}},"26":{"start":{"line":82,"column":18},"end":{"line":82,"column":47}},"27":{"start":{"line":84,"column":20},"end":{"line":93,"column":5}},"28":{"start":{"line":86,"column":8},"end":{"line":91,"column":9}},"29":{"start":{"line":87,"column":10},"end":{"line":87,"column":72}},"30":{"start":{"line":89,"column":10},"end":{"line":89,"column":64}},"31":{"start":{"line":90,"column":10},"end":{"line":90,"column":22}},"32":{"start":{"line":95,"column":4},"end":{"line":95,"column":45}},"33":{"start":{"line":95,"column":33},"end":{"line":95,"column":43}},"34":{"start":{"line":102,"column":23},"end":{"line":102,"column":73}},"35":{"start":{"line":103,"column":18},"end":{"line":103,"column":47}},"36":{"start":{"line":104,"column":18},"end":{"line":104,"column":59}},"37":{"start":{"line":104,"column":41},"end":{"line":104,"column":58}},"38":{"start":{"line":106,"column":4},"end":{"line":108,"column":5}},"39":{"start":{"line":107,"column":6},"end":{"line":107,"column":53}},"40":{"start":{"line":110,"column":4},"end":{"line":110,"column":63}},"41":{"start":{"line":114,"column":0},"end":{"line":114,"column":36}}},"fnMap":{"0":{"name":"(anonymous_0)","decl":{"start":{"line":10,"column":2},"end":{"line":10,"column":3}},"loc":{"start":{"line":10,"column":25},"end":{"line":54,"column":3}},"line":10},"1":{"name":"(anonymous_1)","decl":{"start":{"line":30,"column":6},"end":{"line":30,"column":7}},"loc":{"start":{"line":30,"column":20},"end":{"line":30,"column":29}},"line":30},"2":{"name":"(anonymous_2)","decl":{"start":{"line":34,"column":6},"end":{"line":34,"column":7}},"loc":{"start":{"line":34,"column":20},"end":{"line":34,"column":29}},"line":34},"3":{"name":"(anonymous_3)","decl":{"start":{"line":59,"column":2},"end":{"line":59,"column":3}},"loc":{"start":{"line":59,"column":52},"end":{"line":76,"column":3}},"line":59},"4":{"name":"(anonymous_4)","decl":{"start":{"line":81,"column":2},"end":{"line":81,"column":3}},"loc":{"start":{"line":81,"column":36},"end":{"line":96,"column":3}},"line":81},"5":{"name":"(anonymous_5)","decl":{"start":{"line":85,"column":16},"end":{"line":85,"column":17}},"loc":{"start":{"line":85,"column":36},"end":{"line":92,"column":7}},"line":85},"6":{"name":"(anonymous_6)","decl":{"start":{"line":95,"column":26},"end":{"line":95,"column":27}},"loc":{"start":{"line":95,"column":33},"end":{"line":95,"column":43}},"line":95},"7":{"name":"(anonymous_7)","decl":{"start":{"line":101,"column":2},"end":{"line":101,"column":3}},"loc":{"start":{"line":101,"column":39},"end":{"line":111,"column":3}},"line":101},"8":{"name":"(anonymous_8)","decl":{"start":{"line":104,"column":34},"end":{"line":104,"column":35}},"loc":{"start":{"line":104,"column":41},"end":{"line":104,"column":58}},"line":104}},"branchMap":{"0":{"loc":{"start":{"line":15,"column":6},"end":{"line":22,"column":7}},"type":"if","locations":[{"start":{"line":15,"column":6},"end":{"line":22,"column":7}},{"start":{"line":20,"column":13},"end":{"line":22,"column":7}}],"line":15},"1":{"loc":{"start":{"line":15,"column":10},"end":{"line":15,"column":55}},"type":"binary-expr","locations":[{"start":{"line":15,"column":10},"end":{
[...]
line":92,"column":4},"end":{"line":94,"column":5}},{"start":{},"end":{}}],"line":92},"11":{"loc":{"start":{"line":108,"column":16},"end":{"line":108,"column":68}},"type":"binary-expr","locations":[{"start":{"line":108,"column":16},"end":{"line":108,"column":39}},{"start":{"line":108,"column":43},"end":{"line":108,"column":68}}],"line":108},"12":{"loc":{"start":{"line":120,"column":13},"end":{"line":120,"column":61}},"type":"binary-expr","locations":[{"start":{"line":120,"column":13},"end":{"line":120,"column":34}},{"start":{"line":120,"column":38},"end":{"line":120,"column":61}}],"line":120},"13":{"loc":{"start":{"line":123,"column":4},"end":{"line":128,"column":5}},"type":"if","locations":[{"start":{"line":123,"column":4},"end":{"line":128,"column":5}},{"start":{},"end":{}}],"line":123},"14":{"loc":{"start":{"line":142,"column":14},"end":{"line":142,"column":56}},"type":"binary-expr","locations":[{"start":{"line":142,"column":14},"end":{"line":142,"column":32}},{"start":{"line":142,"column":36},"end":{"line":142,"column":56}}],"line":142},"15":{"loc":{"start":{"line":149,"column":13},"end":{"line":149,"column":61}},"type":"binary-expr","locations":[{"start":{"line":149,"column":13},"end":{"line":149,"column":34}},{"start":{"line":149,"column":38},"end":{"line":149,"column":61}}],"line":149},"16":{"loc":{"start":{"line":152,"column":4},"end":{"line":157,"column":5}},"type":"if","locations":[{"start":{"line":152,"column":4},"end":{"line":157,"column":5}},{"start":{},"end":{}}],"line":152},"17":{"loc":{"start":{"line":181,"column":16},"end":{"line":181,"column":68}},"type":"binary-expr","locations":[{"start":{"line":181,"column":16},"end":{"line":181,"column":39}},{"start":{"line":181,"column":43},"end":{"line":181,"column":68}}],"line":181},"18":{"loc":{"start":{"line":210,"column":13},"end":{"line":210,"column":39}},"type":"binary-expr","locations":[{"start":{"line":210,"column":13},"end":{"line":210,"column":33}},{"start":{"line":210,"column":37},"end":{"line":210,"column":39}}],"line":210}},"s":{"0":7,"1":7,"2":7,"3":6,"4":6,"5":6,"6":6,"7":0,"8":6,"9":47,"10":0,"11":0,"12":112,"13":112,"14":112,"15":112,"16":0,"17":0,"18":74,"19":74,"20":224,"21":27,"22":27,"23":153,"24":10,"25":17,"26":17,"27":17,"28":17,"29":17,"30":17,"31":2,"32":2,"33":14,"34":2,"35":1,"36":1,"37":1,"38":1,"39":1,"40":1,"41":3,"42":3,"43":24,"44":3,"45":1,"46":2,"47":2,"48":2,"49":2,"50":3,"51":3,"52":29,"53":3,"54":0,"55":3,"56":3,"57":3,"58":3,"59":3,"60":3,"61":3,"62":64,"63":64,"64":23,"65":23,"66":23,"67":20,"68":20,"69":3,"70":34,"71":34,"72":34,"73":34,"74":34,"75":34,"76":34,"77":0,"78":0,"79":7},"f":{"0":6,"1":47,"2":112,"3":74,"4":224,"5":27,"6":153,"7":2,"8":14,"9":3,"10":24,"11":3,"12":29,"13":64,"14":23,"15":34},"b":{"0":[0,6],"1":[6,6],"2":[6,2],"3":[112,0],"4":[74,2],"5":[10,17],"6":[153,143],"7":[17,0],"8":[14,13],"9":[1,1],"10":[1,0],"11":[1,0],"12":[24,22],"13":[1,2],"14":[2,0],"15":[29,26],"16":[0,3],"17":[3,0],"18":[20,0]},"_coverageSchema":"1a1c01bbd47fc00a2c39e90264f33305004495a9","hash":"341bebeaaa4cf5246f93aaef927ad74b33db2398"}
,"C:\\Users\\2231140\\Desktop\\MinecraftStatsAPI\\src\\services\\world.service.js": {"path":"C:\\Users\\2231140\\Desktop\\MinecraftStatsAPI\\src\\services\\world.service.js","statementMap":{"0":{"start":{"line":1,"column":11},"end":{"line":1,"column":33}},"1":{"start":{"line":2,"column":13},"end":{"line":2,"column":28}},"2":{"start":{"line":3,"column":15},"end":{"line":3,"column":33}},"3":{"start":{"line":4,"column":46},"end":{"line":4,"column":73}},"4":{"start":{"line":5,"column":31},"end":{"line":5,"column":61}},"5":{"start":{"line":12,"column":25},"end":{"line":12,"column":73}},"6":{"start":{"line":13,"column":21},"end":{"line":13,"column":53}},"7":{"start":{"line":14,"column":26},"end":{"line":14,"column":63}},"8":{"start":{"line":17,"column":4},"end":{"line":21,"column":5}},"9":{"start":{"line":18,"column":6},"end":{"line":18,"column":42}},"10":{"start":{"line":24,"column":4},"end":{"line":24,"column":50}},"11":{"start":{"line":25,"column":4},"end":{"line":25,"column":55}},"12":{"start":{"line":28,"column":16},"end":{"line":28,"column":34}},"13":{"start":{"line":29,"column":23},"end":{"line":29,"column":39}},"14":{"start":{"line":31,"column":4},"end":{"line":56,"column":5}},"15":{"start":{"line":32,"column":29},"end":{"line":32,"column":64}},"16":{"start":{"line":34,"column":6},"end":{"line":55,"column":7}},"17":{"start":{"line":38,"column":25},"end":{"line":38,"column":54}},"18":{"start":{"line":39,"column":27},"end":{"line":39,"column":56}},"19":{"start":{"line":40,"column":8},"end":{"line":40,"column":56}},"20":{"start":{"line":41,"column":13},"end":{"line":55,"column":7}},"21":{"start":{"line":45,"column":25},"end":{"line":45,"column":54}},"22":{"start":{"line":46,"column":27},"end":{"line":46,"column":61}},"23":{"start":{"line":47,"column":8},"end":{"line":47,"column":56}},"24":{"start":{"line":48,"column":13},"end":{"line":55,"column":7}},"25":{"start":{"line":52,"column":25},"end":{"line":52,"column":54}},"26":{"start":{"line":53,"column":27},"end":{"line":53,"column":61}},"27":{"start":{"line":54,"column":8},"end":{"line":54,"column":56}},"28":{"start":{"line":59,"column":22},"end":{"line":59,"column":58}},"29":{"start":{"line":61,"column":4},"end":{"line":66,"column":6}},"30":{"start":{"line":73,"column":25},"end":{"line":73,"column":73}},"31":{"start":{"line":75,"column":4},"end":{"line":82,"column":5}},"32":{"start":{"line":76,"column":6},"end":{"line":76,"column":36}},"33":{"start":{"line":78,"column":6},"end":{"line":81,"column":8}},"34":{"start":{"line":84,"column":4},"end":{"line":84,"column":40}},"35":{"start":{"line":86,"column":4},"end":{"line":89,"column":6}},"36":{"start":{"line":96,"column":25},"end":{"line":96,"column":63}},"37":{"start":{"line":98,"column":4},"end":{"line":102,"column":5}},"38":{"start":{"line":99,"column":6},"end":{"line":99,"column":36}},"39":{"start":{"line":101,"column":6},"end":{"line":101,"column":18}},"40":{"start":{"line":104,"column":21},"end":{"line":104,"column":53}},"41":{"start":{"line":105,"column":26},"end":{"line":105,"column":63}},"42":{"start":{"line":107,"column":53},"end":{"line":111,"column":6}},"43":{"start":{"line":108,"column":39},"end":{"line":108,"column":41}},"44":{"start":{"line":109,"column":44},"end":{"line":109,"column":46}},"45":{"start":{"line":113,"column":4},"end":{"line":121,"column":6}},"46":{"start":{"line":116,"column":43},"end":{"line":116,"column":62}},"47":{"start":{"line":118,"column":15},"end":{"line":118,"column":59}},"48":{"start":{"line":125,"column":0},"end":{"line":125,"column":36}}},"fnMap":{"0":{"name":"(anonymous_0)","decl":{"start":{"line":11,"column":2},"end":{"line":11,"column":3}},"loc":{"start":{"line":11,"column":38},"end":{"line":67,"column":3}},"line":11},"1":{"name":"(anonymous_1)","decl":{"start":{"line":72,"column":2},"end":{"line":72,"column":3}},"loc":{"start":{"line":72,"column":30},"end":{"line":90,"column":3}},"line":72},"2":{"name":"(anonymous_2)","decl":{"start":{"line":95,"column":2},"end":{"line":95,"column":3}},"loc":{"start":{"line":95,"column":31},"end":{"line":122,"column":3}},"line":95},"3":{"name":"(anonymous_3)","decl":{"start":{"line":108,"column":33},"end":{"line":108,"column":34}},"loc":{"start":{"line":108,"column":39},"end":{"line":108,"column":41}},"line":108},"4":{"name":"(anonymous_4)","decl":{"start":{"line":109,"column":38},"end":{"line":109,"column":39}},"loc":{"start":{"line":109,"column":44},"end":{"line":109,"column":46}},"line":109},"5":{"name":"(anonymous_5)","decl":{"start":{"line":116,"column":36},"end":{"line":116,"column":37}},"loc":{"start":{"line":116,"column":43},"end":{"line":116,"column":62}},"line":116},"6":{"name":"(anonymous_6)","decl":{"start":{"line":118,"column":8},"end":{"line":118,"column":9}},"loc":{"start":{"line":118,"column":15},"end":{"line":118,"column":59}},"line":118}},"branchMap":{"0":{"loc":{"start":{"line":34,"column":6},"end":{"line":55,"column":7}},"type":"if","locations":[{"start":{"line":34,"column":6},"end":{"line":55,"column":7}},{"start":{"line":41,"column":13},"end":{"line":55,"column":7}}],"line":34},"1":{"loc":{"start":{"line":35,"column":8},"end":{"line":36,"column":40}},"type":"binary-expr","locations":[{"start":{"line":35,"column":8},"end":{"line":35,"column":42}},{"start":{"line":36,"column":8},"end":{"line":36,"column":40}}],"line":35},"2":{"loc":{"start":{"line":41,"column":13},"end":{"line":55,"column":7}},"type":"if","locations":[{"start":{"line":41,"column":13},"end":{"line":55,"column":7}},{"start":{"line":48,"column":13},"end":{"line":55,"column":7}}],"line":41},"3":{"loc":{"start":{"line":42,"column":8},"end":{"line":43,"column":39}},"type":"binary-expr","locations":[{"start":{"line":42,"column":8},"end":{"line":42,"column":47}},{"start":{"line":43,"column":8},"end":{"line":43,"column":39}}],"line":42},"4":{"loc":{"start":{"line":48,"column":13},"end":{"line":55,"column":7}},"type":"if","locations":[{"start":{"line":48,"column":13},"end":{"line":55,"column":7}},{"start":{},"end":{}}],"line":48},"5":{"loc":{"start":{"line":49,"column":8},"end":{"line":50,"column":43}},"type":"binary-expr","locations":[{"start":{"line":49,"column":8},"end":{"line":49,"column":47}},{"start":{"line":50,"column":8},"end":{"line":50,"column":43}}],"line":49},"6":{"loc":{"start":{"line":118,"column":15},"end":{"line":118,"column":59}},"type":"binary-expr","locations":[{"start":{"line":118,"column":15},"end":{"line":118,"column":33}},{"start":{"line":118,"column":37},"end":{"line":118,"column":59}}],"line":118}},"s":{"0":7,"1":7,"2":7,"3":7,"4":7,"5":0,"6":0,"7":0,"8":0,"9":0,"10":0,"11":0,"12":0,"13":0,"14":0,"15":0,"16":0,"17":0,"18":0,"19":0,"20":0,"21":0,"22":0,"23":0,"24":0,"25":0,"26":0,"27":0,"28":0,"29":0,"30":1,"31":1,"32":1,"33":1,"34":0,"35":0,"36":2,"37":2,"38":2,"39":2,"40":0,"41":0,"42":0,"43":0,"44":0,"45":0,"46":0,"47":0,"48":7},"f":{"0":0,"1":1,"2":2,"3":0,"4":0,"5":0,"6":0},"b":{"0":[0,0],"1":[0,0],"2":[0,0],"3":[0,0],"4":[0,0],"5":[0,0],"6":[0,0]},"_coverageSchema":"1a1c01bbd47fc00a2c39e90264f33305004495a9","hash":"efcda95b7f27501f0d4b38c0a08189199a6add0a"}
,"C:\\Users\\2231140\\Desktop\\MinecraftStatsAPI\\src\\utils\\cache.js": {"path":"C:\\Users\\2231140\\Desktop\\MinecraftStatsAPI\\src\\utils\\cache.js","statementMap":{"0":{"start":{"line":1,"column":27},"end":{"line":1,"column":57}},"1":{"start":{"line":5,"column":4},"end":{"line":5,"column":27}},"2":{"start":{"line":9,"column":19},"end":{"line":9,"column":38}},"3":{"start":{"line":10,"column":4},"end":{"line":10,"column":29}},"4":{"start":{"line":10,"column":17},"end":{"line":10,"column":29}},"5":{"start":{"line":12,"column":16},"end":{"line":12,"column":44}},"6":{"start":{"line":13,"column":4},"end":{"line":15,"column":5}},"7":{"start":{"line":14,"column":6},"end":{"line":14,"column":25}},"8":{"start":{"line":18,"column":4},"end":{"line":18,"column":27}},"9":{"start":{"line":19,"column":4},"end":{"line":19,"column":16}},"10":{"start":{"line":23,"column":4},"end":{"line":27,"column":7}},"11":{"start":{"line":31,"column":4},"end":{"line":31,"column":23}},"12":{"start":{"line":35,"column":4},"end":{"line":39,"column":6}},"13":{"start":{"line":43,"column":0},"end":{"line":43,"column":29}}},"fnMap":{"0":{"name":"(anonymous_0)","decl":{"start":{"line":4,"column":2},"end":{"line":4,"column":3}},"loc":{"start":{"line":4,"column":16},"end":{"line":6,"column":3}},"line":4},"1":{"name":"(anonymous_1)","decl":{"start":{"line":8,"column":2},"end":{"line":8,"column":3}},"loc":{"start":{"line":8,"column":11},"end":{"line":20,"column":3}},"line":8},"2":{"name":"(anonymous_2)","decl":{"start":{"line":22,"column":2},"end":{"line":22,"column":3}},"loc":{"start":{"line":22,"column":29},"end":{"line":28,"column":3}},"line":22},"3":{"name":"(anonymous_3)","decl":{"start":{"line":30,"column":2},"end":{"line":30,"column":3}},"loc":{"start":{"line":30,"column":10},"end":{"line":32,"column":3}},"line":30},"4":{"name":"(anonymous_4)","decl":{"start":{"line":34,"column":2},"end":{"line":34,"column":3}},"loc":{"start":{"line":34,"column":13},"end":{"line":40,"column":3}},"line":34}},"branchMap":{"0":{"loc":{"start":{"line":10,"column":4},"end":{"line":10,"column":29}},"type":"if","locations":[{"start":{"line":10,"column":4},"end":{"line":10,"column":29}},{"start":{},"end":{}}],"line":10},"1":{"loc":{"start":{"line":12,"column":16},"end":{"line":12,"column":44}},"type":"binary-expr","locations":[{"start":{"line":12,"column":16},"end":{"line":12,"column":26}},{"start":{"line":12,"column":30},"end":{"line":12,"column":44}}],"line":12},"2":{"loc":{"start":{"line":13,"column":4},"end":{"line":15,"column":5}},"type":"if","locations":[{"start":{"line":13,"column":4},"end":{"line":15,"column":5}},{"start":{},"end":{}}],"line":13},"3":{"loc":{"start":{"line":22,"column":17},"end":{"line":22,"column":27}},"type":"default-arg","locations":[{"start":{"line":22,"column":23},"end":{"line":22,"column":27}}],"line":22}},"s":{"0":9,"1":9,"2":18,"3":18,"4":9,"5":9,"6":9,"7":8,"8":1,"9":1,"10":21,"11":10,"12":4,"13":9},"f":{"0":9,"1":18,"2":21,"3":10,"4":4},"b":{"0":[9,9],"1":[9,7],"2":[8,1],"3":[19]},"_coverageSchema":"1a1c01bbd47fc00a2c39e90264f33305004495a9","hash":"784b30cf19bee230f88b55382ee6afb0ec52c329"}
,"C:\\Users\\2231140\\Desktop\\MinecraftStatsAPI\\src\\utils\\helpers.js": {"path":"C:\\Users\\2231140\\Desktop\\MinecraftStatsAPI\\src\\utils\\helpers.js","statementMap":{"0":{"start":{"line":1,"column":11},"end":{"line":1,"column":33}},"1":{"start":{"line":2,"column":13},"end":{"line":2,"column":28}},"2":{"start":{"line":8,"column":2},"end":{"line":13,"column":3}},"3":{"start":{"line":9,"column":18},"end":{"line":9,"column":36}},"4":{"start":{"line":10,"column":4},"end":{"line":10,"column":31}},"5":{"start":{"line":12,"column":4},"end":{"line":12,"column":17}},"6":{"start":{"line":20,"column":2},"end":{"line":25,"column":3}},"7":{"start":{"line":21,"column":18},"end":{"line":21,"column":41}},"8":{"start":{"line":22,"column":4},"end":{"line":22,"column":26}},"9":{"start":{"line":24,"column":4},"end":{"line":24,"column":17}},"10":{"start":{"line":32,"column":2},"end":{"line":37,"column":3}},"11":{"start":{"line":33,"column":18},"end":{"line":33,"column":39}},"12":{"start":{"line":34,"column":4},"end":{"line":34,"column":52}},"13":{"start":{"line":34,"column":31},"end":{"line":34,"column":50}},"14":{"start":{"line":36,"column":4},"end":{"line":36,"column":14}},"15":{"start":{"line":44,"column":18},"end":{"line":44,"column":19}},"16":{"start":{"line":45,"column":18},"end":{"line":45,"column":19}},"17":{"start":{"line":48,"column":4},"end":{"line":62,"column":5}},"18":{"start":{"line":49,"column":22},"end":{"line":49,"column":76}},"19":{"start":{"line":50,"column":6},"end":{"line":59,"column":7}},"20":{"start":{"line":51,"column":25},"end":{"line":51,"column":59}},"21":{"start":{"line":52,"column":8},"end":{"line":58,"column":9}},"22":{"start":{"line":53,"column":10},"end":{"line":53,"column":35}},"23":{"start":{"line":55,"column":24},"end":{"line":55,"column":47}},"24":{"start":{"line":56,"column":10},"end":{"line":56,"column":34}},"25":{"start":{"line":57,"column":10},"end":{"line":57,"column":22}},"26":{"start":{"line":61,"column":6},"end":{"line":61,"column":70}},"27":{"start":{"line":65,"column":2},"end":{"line":65,"column":22}},"28":{"start":{"line":66,"column":2},"end":{"line":66,"column":34}},"29":{"start":{"line":73,"column":18},"end":{"line":73,"column":64}},"30":{"start":{"line":74,"column":2},"end":{"line":81,"column":3}},"31":{"start":{"line":75,"column":21},"end":{"line":75,"column":47}},"32":{"start":{"line":76,"column":4},"end":{"line":80,"column":5}},"33":{"start":{"line":77,"column":6},"end":{"line":77,"column":38}},"34":{"start":{"line":79,"column":6},"end":{"line":79,"column":32}},"35":{"start":{"line":82,"column":2},"end":{"line":82,"column":22}},"36":{"start":{"line":89,"column":2},"end":{"line":89,"column":41}},"37":{"start":{"line":89,"column":24},"end":{"line":89,"column":41}},"38":{"start":{"line":92,"column":18},"end":{"line":92,"column":48}},"39":{"start":{"line":94,"column":2},"end":{"line":97,"column":15}},"40":{"start":{"line":96,"column":19},"end":{"line":96,"column":63}},"41":{"start":{"line":104,"column":2},"end":{"line":104,"column":27}},"42":{"start":{"line":104,"column":17},"end":{"line":104,"column":27}},"43":{"start":{"line":105,"column":2},"end":{"line":105,"column":50}},"44":{"start":{"line":108,"column":0},"end":{"line":116,"column":2}}},"fnMap":{"0":{"name":"directoryExists","decl":{"start":{"line":7,"column":15},"end":{"line":7,"column":30}},"loc":{"start":{"line":7,"column":36},"end":{"line":14,"column":1}},"line":7},"1":{"name":"fileExists","decl":{"start":{"line":19,"column":15},"end":{"line":19,"column":25}},"loc":{"start":{"line":19,"column":36},"end":{"line":26,"column":1}},"line":19},"2":{"name":"listJsonFiles","decl":{"start":{"line":31,"column":15},"end":{"line":31,"column":28}},"loc":{"start":{"line":31,"column":34},"end":{"line":38,"column":1}},"line":31},"3":{"name":"(anonymous_3)","decl":{"start":{"line":34,"column":24},"end":{"line":34,"column":25}},"loc":{"start":{"line":34,"column":31},"end":{"line":34,"column":50}},"line":34},"4":{"name":"getDirectorySize","decl":{"start":{"line":43,"column":15},"end":{"line":43,"column":31}},"loc":{"start":{"line":43,"column":37},"end":{"line":67,"column":1}},"line":43},"5":{"name":"traverse","decl":{"start":{"line":47,"column":17},"end":{"line":47,"column":25}},"loc":{"start":{"line":47,"column":39},"end":{"line":63,"column":3}},"line":47},"6":{"name":"deleteDirectory","decl":{"start":{"line":72,"column":15},"end":{"line":72,"column":30}},"loc":{"start":{"line":72,"column":36},"end":{"line":83,"column":1}},"line":72},"7":{"name":"formatItemName","decl":{"start":{"line":88,"column":9},"end":{"line":88,"column":23}},"loc":{"start":{"line":88,"column":28},"end":{"line":98,"column":1}},"line":88},"8":{"name":"(anonymous_8)","decl":{"start":{"line":96,"column":9},"end":{"line":96,"column":10}},"loc":{"start":{"line":96,"column":19},"end":{"line":96,"column":63}},"line":96},"9":{"name":"sanitizeFilename","decl":{"start":{"line":103,"column":9},"end":{"line":103,"column":25}},"loc":{"start":{"line":103,"column":36},"end":{"line":106,"column":1}},"line":103}},"branchMap":{"0":{"loc":{"start":{"line":52,"column":8},"end":{"line":58,"column":9}},"type":"if","locations":[{"start":{"line":52,"column":8},"end":{"line":58,"column":9}},{"start":{"line":54,"column":15},"end":{"line":58,"column":9}}],"line":52},"1":{"loc":{"start":{"line":76,"column":4},"end":{"line":80,"column":5}},"type":"if","locations":[{"start":{"line":76,"column":4},"end":{"line":80,"column":5}},{"start":{"line":78,"column":11},"end":{"line":80,"column":5}}],"line":76},"2":{"loc":{"start":{"line":89,"column":2},"end":{"line":89,"column":41}},"type":"if","locations":[{"start":{"line":89,"column":2},"end":{"line":89,"column":41}},{"start":{},"end":{}}],"line":89},"3":{"loc":{"start":{"line":89,"column":6},"end":{"line":89,"column":22}},"type":"binary-expr","locations":[{"start":{"line":89,"column":6},"end":{"line":89,"column":9}},{"start":{"line":89,"column":13},"end":{"line":89,"column":22}}],"line":89},"4":{"loc":{"start":{"line":104,"column":2},"end":{"line":104,"column":27}},"type":"if","locations":[{"start":{"line":104,"column":2},"end":{"line":104,"column":27}},{"start":{},"end":{}}],"line":104}},"s":{"0":9,"1":9,"2":0,"3":0,"4":0,"5":0,"6":0,"7":0,"8":0,"9":0,"10":11,"11":11,"12":5,"13":5,"14":6,"15":3,"16":3,"17":5,"18":5,"19":4,"20":10,"21":10,"22":2,"23":8,"24":8,"25":8,"26":1,"27":3,"28":3,"29":0,"30":0,"31":0,"32":0,"33":0,"34":0,"35":0,"36":11,"37":3,"38":8,"39":8,"40":13,"41":9,"42":3,"43":6,"44":9},"f":{"0":0,"1":0,"2":11,"3":5,"4":3,"5":5,"6":0,"7":11,"8":13,"9":9},"b":{"0":[2,8],"1":[0,0],"2":[3,8],"3":[11,8],"4":[3,6]},"_coverageSchema":"1a1c01bbd47fc00a2c39e90264f33305004495a9","hash":"5eba7b026e330ee7722a247e227abedadcf5bb48"}
}
