TN:
SF:src\app.js
FN:49,(anonymous_0)
FN:54,(anonymous_1)
FNF:2
FNH:1
FNDA:1,(anonymous_0)
FNDA:0,(anonymous_1)
DA:1,7
DA:2,7
DA:3,7
DA:4,7
DA:5,7
DA:9,7
DA:13,7
DA:19,7
DA:22,7
DA:23,7
DA:24,7
DA:25,7
DA:26,7
DA:28,7
DA:31,7
DA:39,7
DA:42,7
DA:43,7
DA:46,7
DA:49,7
DA:50,1
DA:54,7
DA:55,0
DA:62,7
DA:63,7
DA:64,7
DA:65,7
DA:66,7
DA:67,7
DA:68,7
DA:71,7
DA:72,7
DA:75,7
DA:78,7
DA:80,7
LF:35
LH:34
BRDA:56,0,0,0
BRDA:56,0,1,0
BRF:2
BRH:0
end_of_record
TN:
SF:src\controllers\admin.controller.js
FN:10,(anonymous_0)
FN:37,(anonymous_1)
FN:41,(anonymous_2)
FN:61,(anonymous_3)
FN:92,(anonymous_4)
FN:112,(anonymous_5)
FN:140,(anonymous_6)
FN:160,(anonymous_7)
FNF:8
FNH:7
FNDA:27,(anonymous_0)
FNDA:3,(anonymous_1)
FNDA:19,(anonymous_2)
FNDA:0,(anonymous_3)
FNDA:1,(anonymous_4)
FNDA:2,(anonymous_5)
FNDA:3,(anonymous_6)
FNDA:4,(anonymous_7)
DA:1,7
DA:2,7
DA:3,7
DA:11,27
DA:12,27
DA:14,27
DA:15,0
DA:21,27
DA:23,27
DA:24,10
DA:27,17
DA:29,0
DA:38,3
DA:39,3
DA:41,19
DA:47,3
DA:53,0
DA:62,0
DA:63,0
DA:64,0
DA:66,0
DA:67,0
DA:73,0
DA:84,0
DA:93,1
DA:94,1
DA:98,1
DA:104,0
DA:113,2
DA:114,2
DA:115,2
DA:117,2
DA:118,0
DA:124,2
DA:126,2
DA:127,1
DA:130,1
DA:132,0
DA:141,3
DA:142,3
DA:144,3
DA:146,3
DA:147,1
DA:150,2
DA:152,0
DA:161,4
DA:162,4
DA:165,4
DA:167,4
DA:168,1
DA:174,3
DA:176,3
DA:178,3
DA:179,0
DA:182,3
DA:187,0
DA:192,7
LF:57
LH:41
BRDA:14,0,0,0
BRDA:14,0,1,27
BRDA:14,1,0,27
BRDA:14,1,1,27
BRDA:23,2,0,10
BRDA:23,2,1,17
BRDA:42,3,0,19
BRDA:42,3,1,0
BRDA:66,4,0,0
BRDA:66,4,1,0
BRDA:76,5,0,0
BRDA:76,5,1,0
BRDA:117,6,0,0
BRDA:117,6,1,2
BRDA:117,7,0,2
BRDA:117,7,1,2
BRDA:126,8,0,1
BRDA:126,8,1,1
BRDA:146,9,0,1
BRDA:146,9,1,2
BRDA:167,10,0,1
BRDA:167,10,1,3
BRDA:178,11,0,0
BRDA:178,11,1,3
BRF:24
BRH:16
end_of_record
TN:
SF:src\controllers\cache.controller.js
FN:8,(anonymous_0)
FN:25,(anonymous_1)
FNF:2
FNH:2
FNDA:2,(anonymous_0)
FNDA:2,(anonymous_1)
DA:1,7
DA:9,2
DA:10,2
DA:12,2
DA:17,0
DA:26,2
DA:27,2
DA:29,2
DA:37,0
DA:42,7
LF:10
LH:8
BRF:0
BRH:0
end_of_record
TN:
SF:src\controllers\player.controller.js
FN:13,(anonymous_0)
FN:48,(anonymous_1)
FN:83,(anonymous_2)
FN:108,(anonymous_3)
FN:155,(anonymous_4)
FN:173,(anonymous_5)
FN:194,(anonymous_6)
FN:243,(anonymous_7)
FN:280,(anonymous_8)
FN:308,(anonymous_9)
FNF:10
FNH:10
FNDA:6,(anonymous_0)
FNDA:1,(anonymous_1)
FNDA:1,(anonymous_2)
FNDA:3,(anonymous_3)
FNDA:1,(anonymous_4)
FNDA:4,(anonymous_5)
FNDA:10,(anonymous_6)
FNDA:20,(anonymous_7)
FNDA:4,(anonymous_8)
FNDA:7,(anonymous_9)
DA:1,7
DA:2,7
DA:3,7
DA:4,7
DA:5,7
DA:14,6
DA:15,6
DA:17,6
DA:18,6
DA:21,6
DA:23,2
DA:26,4
DA:34,6
DA:40,0
DA:49,1
DA:50,1
DA:52,1
DA:53,0
DA:59,1
DA:61,1
DA:62,1
DA:69,1
DA:75,0
DA:84,1
DA:85,1
DA:86,1
DA:87,1
DA:89,1
DA:94,1
DA:99,0
DA:109,3
DA:110,3
DA:111,3
DA:113,3
DA:114,3
DA:117,3
DA:119,2
DA:120,1
DA:121,0
DA:128,1
DA:135,2
DA:141,1
DA:142,1
DA:147,0
DA:156,1
DA:157,1
DA:158,1
DA:160,1
DA:165,0
DA:174,4
DA:175,4
DA:176,4
DA:177,4
DA:179,4
DA:185,0
DA:195,10
DA:196,10
DA:198,10
DA:199,0
DA:206,10
DA:207,0
DA:214,10
DA:215,10
DA:218,10
DA:221,10
DA:224,10
DA:226,10
DA:228,10
DA:234,0
DA:244,20
DA:245,20
DA:247,20
DA:248,0
DA:255,20
DA:256,0
DA:263,20
DA:264,20
DA:269,20
DA:271,0
DA:281,4
DA:282,4
DA:284,4
DA:285,0
DA:292,4
DA:293,0
DA:300,4
DA:301,4
DA:304,4
DA:307,4
DA:308,7
DA:311,4
DA:316,4
DA:322,0
DA:327,7
LF:94
LH:77
BRDA:15,0,0,6
BRDA:15,0,1,0
BRDA:21,1,0,2
BRDA:21,1,1,4
BRDA:52,2,0,0
BRDA:52,2,1,1
BRDA:59,3,0,1
BRDA:59,3,1,0
BRDA:86,4,0,1
BRDA:86,4,1,0
BRDA:111,5,0,3
BRDA:111,5,1,0
BRDA:117,6,0,2
BRDA:117,6,1,1
BRDA:120,7,0,0
BRDA:120,7,1,1
BRDA:141,8,0,1
BRDA:141,8,1,0
BRDA:141,9,0,1
BRDA:141,9,1,1
BRDA:175,10,0,4
BRDA:175,10,1,0
BRDA:198,11,0,0
BRDA:198,11,1,10
BRDA:206,12,0,0
BRDA:206,12,1,10
BRDA:214,13,0,10
BRDA:214,13,1,0
BRDA:247,14,0,0
BRDA:247,14,1,20
BRDA:255,15,0,0
BRDA:255,15,1,20
BRDA:263,16,0,20
BRDA:263,16,1,0
BRDA:284,17,0,0
BRDA:284,17,1,4
BRDA:292,18,0,0
BRDA:292,18,1,4
BRDA:300,19,0,4
BRDA:300,19,1,0
BRF:40
BRH:23
end_of_record
TN:
SF:src\controllers\world.controller.js
FN:10,(anonymous_0)
FN:61,(anonymous_1)
FN:80,(anonymous_2)
FN:134,(anonymous_3)
FN:158,(anonymous_4)
FNF:5
FNH:5
FNDA:1,(anonymous_0)
FNDA:1,(anonymous_1)
FNDA:2,(anonymous_2)
FNDA:1,(anonymous_3)
FNDA:1,(anonymous_4)
DA:1,7
DA:2,7
DA:3,7
DA:11,1
DA:12,1
DA:13,1
DA:19,0
DA:22,0
DA:23,0
DA:24,0
DA:36,0
DA:39,0
DA:40,0
DA:42,0
DA:44,0
DA:51,0
DA:53,0
DA:62,1
DA:63,1
DA:64,1
DA:66,1
DA:67,1
DA:70,0
DA:72,0
DA:81,2
DA:82,2
DA:83,1
DA:89,1
DA:92,1
DA:93,1
DA:94,1
DA:102,0
DA:105,0
DA:106,0
DA:108,0
DA:110,0
DA:117,0
DA:126,0
DA:135,1
DA:136,1
DA:137,1
DA:138,1
DA:139,1
DA:145,0
DA:150,0
DA:159,1
DA:160,1
DA:161,1
DA:162,1
DA:164,1
DA:165,0
DA:171,1
DA:176,0
DA:181,7
LF:54
LH:30
BRDA:12,0,0,1
BRDA:12,0,1,0
BRDA:19,1,0,0
BRDA:19,1,1,0
BRDA:23,2,0,0
BRDA:23,2,1,0
BRDA:40,3,0,0
BRDA:40,3,1,0
BRDA:63,4,0,1
BRDA:63,4,1,0
BRDA:66,5,0,1
BRDA:66,5,1,0
BRDA:82,6,0,1
BRDA:82,6,1,1
BRDA:89,7,0,1
BRDA:89,7,1,0
BRDA:93,8,0,1
BRDA:93,8,1,0
BRDA:106,9,0,0
BRDA:106,9,1,0
BRDA:136,10,0,1
BRDA:136,10,1,0
BRDA:138,11,0,1
BRDA:138,11,1,0
BRDA:160,12,0,1
BRDA:160,12,1,0
BRDA:164,13,0,0
BRDA:164,13,1,1
BRF:28
BRH:11
end_of_record
TN:
SF:src\middleware\auth.middleware.js
FN:6,requireApiKey
FN:50,requireAdminKey
FNF:2
FNH:2
FNDA:94,requireApiKey
FNDA:52,requireAdminKey
DA:1,7
DA:7,94
DA:9,94
DA:12,94
DA:13,0
DA:14,0
DA:15,0
DA:19,94
DA:20,20
DA:27,74
DA:28,74
DA:29,2
DA:36,72
DA:37,72
DA:39,0
DA:40,0
DA:51,52
DA:52,52
DA:54,52
DA:55,7
DA:61,45
DA:64,7
LF:22
LH:17
BRDA:9,0,0,94
BRDA:9,0,1,21
BRDA:12,1,0,0
BRDA:12,1,1,94
BRDA:12,2,0,94
BRDA:12,2,1,20
BRDA:14,3,0,0
BRDA:14,3,1,0
BRDA:19,4,0,20
BRDA:19,4,1,74
BRDA:28,5,0,2
BRDA:28,5,1,72
BRDA:51,6,0,52
BRDA:51,6,1,7
BRDA:54,7,0,7
BRDA:54,7,1,45
BRDA:54,8,0,52
BRDA:54,8,1,46
BRF:18
BRH:15
end_of_record
TN:
SF:src\middleware\error.middleware.js
FN:4,errorHandler
FN:47,notFoundHandler
FNF:2
FNH:2
FNDA:1,errorHandler
FNDA:1,notFoundHandler
DA:5,1
DA:8,1
DA:9,1
DA:12,1
DA:13,0
DA:14,0
DA:15,1
DA:16,0
DA:17,0
DA:18,1
DA:19,0
DA:20,0
DA:21,1
DA:22,0
DA:23,0
DA:24,1
DA:26,0
DA:27,0
DA:28,1
DA:30,1
DA:31,1
DA:32,0
DA:33,0
DA:34,0
DA:37,1
DA:48,1
DA:55,7
LF:27
LH:14
BRDA:8,0,0,1
BRDA:8,0,1,1
BRDA:9,1,0,1
BRDA:9,1,1,0
BRDA:12,2,0,0
BRDA:12,2,1,1
BRDA:15,3,0,0
BRDA:15,3,1,1
BRDA:18,4,0,0
BRDA:18,4,1,1
BRDA:21,5,0,0
BRDA:21,5,1,1
BRDA:24,6,0,0
BRDA:24,6,1,1
BRDA:28,7,0,1
BRDA:28,7,1,0
BRDA:28,8,0,1
BRDA:28,8,1,1
BRDA:32,9,0,0
BRDA:32,9,1,0
BRDA:32,10,0,0
BRDA:32,10,1,0
BRDA:40,11,0,1
BRDA:40,11,1,0
BRF:24
BRH:12
end_of_record
TN:
SF:src\middleware\rate-limit.middleware.js
FN:6,(anonymous_0)
FN:22,(anonymous_1)
FN:45,(anonymous_2)
FN:68,(anonymous_3)
FN:91,(anonymous_4)
FNF:5
FNH:1
FNDA:144,(anonymous_0)
FNDA:0,(anonymous_1)
FNDA:0,(anonymous_2)
FNDA:0,(anonymous_3)
FNDA:0,(anonymous_4)
DA:1,7
DA:6,144
DA:12,7
DA:23,0
DA:35,7
DA:46,0
DA:58,7
DA:69,0
DA:81,7
DA:92,0
DA:100,7
LF:11
LH:7
BRF:0
BRH:0
end_of_record
TN:
SF:src\middleware\upload.middleware.js
FN:12,(anonymous_0)
FN:33,(anonymous_1)
FNF:2
FNH:1
FNDA:2,(anonymous_0)
FNDA:0,(anonymous_1)
DA:1,7
DA:2,7
DA:7,7
DA:13,2
DA:18,1
DA:20,1
DA:28,7
DA:34,0
DA:38,0
DA:40,0
DA:45,7
LF:11
LH:8
BRDA:13,0,0,1
BRDA:13,0,1,1
BRDA:14,1,0,2
BRDA:14,1,1,1
BRDA:14,1,2,1
BRDA:34,2,0,0
BRDA:34,2,1,0
BRDA:35,3,0,0
BRDA:35,3,1,0
BRF:9
BRH:5
end_of_record
TN:
SF:src\middleware\validation.middleware.js
FN:100,(anonymous_0)
FN:101,(anonymous_1)
FNF:2
FNH:2
FNDA:91,(anonymous_0)
FNDA:90,(anonymous_1)
DA:1,7
DA:6,7
DA:100,7
DA:101,91
DA:102,90
DA:104,90
DA:109,90
DA:111,11
DA:112,11
DA:119,79
DA:120,79
DA:124,7
LF:12
LH:12
BRDA:100,0,0,42
BRDA:109,1,0,11
BRDA:109,1,1,79
BRF:3
BRH:3
end_of_record
TN:
SF:src\routes\admin.routes.js
FNF:0
FNH:0
DA:1,7
DA:2,7
DA:3,7
DA:4,7
DA:6,7
DA:8,7
DA:10,7
DA:16,7
DA:23,7
DA:29,7
DA:35,7
DA:37,7
LF:12
LH:12
BRF:0
BRH:0
end_of_record
TN:
SF:src\routes\cache.routes.js
FNF:0
FNH:0
DA:1,7
DA:2,7
DA:3,7
DA:5,7
DA:7,7
DA:9,7
LF:6
LH:6
BRF:0
BRH:0
end_of_record
TN:
SF:src\routes\mojang.routes.js
FNF:0
FNH:0
DA:1,7
DA:2,7
DA:3,7
DA:4,7
DA:6,7
DA:12,7
LF:6
LH:6
BRF:0
BRH:0
end_of_record
TN:
SF:src\routes\player.routes.js
FNF:0
FNH:0
DA:1,7
DA:2,7
DA:3,7
DA:4,7
DA:6,7
DA:8,7
DA:10,7
DA:16,7
DA:22,7
DA:28,7
DA:34,7
DA:40,7
DA:46,7
LF:13
LH:13
BRF:0
BRH:0
end_of_record
TN:
SF:src\routes\world.routes.js
FNF:0
FNH:0
DA:1,7
DA:2,7
DA:3,7
DA:4,7
DA:6,7
DA:12,7
DA:14,7
DA:16,7
DA:18,7
DA:20,7
LF:10
LH:10
BRF:0
BRH:0
end_of_record
TN:
SF:src\services\mojang.service.js
FN:5,(anonymous_0)
FN:32,(anonymous_1)
FNF:2
FNH:2
FNDA:8,(anonymous_0)
FNDA:1,(anonymous_1)
DA:1,8
DA:2,8
DA:7,8
DA:8,8
DA:9,5
DA:12,3
DA:14,3
DA:17,3
DA:22,3
DA:30,3
DA:31,1
DA:32,1
DA:34,1
DA:35,1
DA:38,1
DA:39,1
DA:40,1
DA:46,3
DA:48,3
DA:50,0
DA:53,0
DA:64,8
LF:22
LH:20
BRDA:8,0,0,5
BRDA:8,0,1,3
BRDA:30,1,0,1
BRDA:30,1,1,2
BRDA:34,2,0,1
BRDA:34,2,1,0
BRDA:38,3,0,1
BRDA:38,3,1,0
BRDA:39,4,0,1
BRDA:39,4,1,0
BRDA:40,5,0,1
BRDA:40,5,1,1
BRF:12
BRH:9
end_of_record
TN:
SF:src\services\nbt.service.js
FN:9,(anonymous_0)
FNF:1
FNH:1
FNDA:3,(anonymous_0)
DA:1,7
DA:2,7
DA:3,7
DA:10,3
DA:17,3
DA:18,12
DA:19,12
DA:20,12
DA:21,0
DA:23,0
DA:24,0
DA:26,0
DA:30,0
DA:31,0
DA:32,0
DA:33,0
DA:35,0
DA:36,0
DA:37,0
DA:38,0
DA:39,0
DA:46,0
DA:47,0
DA:48,0
DA:49,0
DA:52,0
DA:54,0
DA:58,0
DA:67,0
DA:71,0
DA:79,12
DA:84,3
DA:93,7
LF:33
LH:11
BRDA:26,0,0,0
BRDA:26,0,1,0
BRDA:27,1,0,0
BRDA:27,1,1,0
BRDA:31,2,0,0
BRDA:31,2,1,0
BRDA:32,3,0,0
BRDA:32,3,1,0
BRDA:33,4,0,0
BRDA:33,4,1,0
BRDA:36,5,0,0
BRDA:36,5,1,0
BRDA:40,6,0,0
BRDA:40,6,1,0
BRDA:41,7,0,0
BRDA:41,7,1,0
BRDA:47,8,0,0
BRDA:47,8,1,0
BRDA:52,9,0,0
BRDA:52,9,1,0
BRF:20
BRH:0
end_of_record
TN:
SF:src\services\player.service.js
FN:10,(anonymous_0)
FN:29,(anonymous_1)
FN:32,(anonymous_2)
FN:57,(anonymous_3)
FN:64,(anonymous_4)
FN:70,(anonymous_5)
FN:72,(anonymous_6)
FN:79,(anonymous_7)
FN:80,(anonymous_8)
FN:86,(anonymous_9)
FNF:10
FNH:7
FNDA:1,(anonymous_0)
FNDA:2,(anonymous_1)
FNDA:1,(anonymous_2)
FNDA:5,(anonymous_3)
FNDA:1,(anonymous_4)
FNDA:0,(anonymous_5)
FNDA:0,(anonymous_6)
FNDA:2,(anonymous_7)
FNDA:0,(anonymous_8)
FNDA:1,(anonymous_9)
DA:1,7
DA:2,7
DA:3,7
DA:4,7
DA:11,1
DA:16,1
DA:30,2
DA:31,2
DA:32,1
DA:37,2
DA:48,0
DA:49,0
DA:63,5
DA:64,5
DA:67,5
DA:68,5
DA:69,5
DA:70,0
DA:71,0
DA:72,0
DA:77,5
DA:78,5
DA:79,2
DA:80,1
DA:81,0
DA:85,5
DA:87,1
DA:91,5
DA:95,7
LF:29
LH:23
BRDA:39,0,0,2
BRDA:39,0,1,2
BRDA:40,1,0,2
BRDA:40,1,1,2
BRDA:41,2,0,2
BRDA:41,2,1,2
BRDA:42,3,0,2
BRDA:42,3,1,1
BRDA:43,4,0,2
BRDA:43,4,1,1
BRDA:60,5,0,0
BRDA:61,6,0,0
BRDA:67,7,0,5
BRDA:67,7,1,0
BRDA:69,8,0,0
BRDA:69,8,1,5
BRDA:78,9,0,1
BRDA:78,9,1,4
BRDA:78,10,0,5
BRDA:78,10,1,1
BRDA:78,10,2,1
BRF:21
BRH:17
end_of_record
TN:
SF:src\services\stats.service.js
FN:10,(anonymous_0)
FN:30,(anonymous_1)
FN:34,(anonymous_2)
FN:59,(anonymous_3)
FN:81,(anonymous_4)
FN:85,(anonymous_5)
FN:95,(anonymous_6)
FN:101,(anonymous_7)
FN:104,(anonymous_8)
FNF:9
FNH:9
FNDA:9,(anonymous_0)
FNDA:3,(anonymous_1)
FNDA:5,(anonymous_2)
FNDA:4,(anonymous_3)
FNDA:7,(anonymous_4)
FNDA:2,(anonymous_5)
FNDA:2,(anonymous_6)
FNDA:4,(anonymous_7)
FNDA:6,(anonymous_8)
DA:1,8
DA:2,8
DA:3,8
DA:4,8
DA:12,9
DA:13,9
DA:14,10
DA:15,10
DA:16,10
DA:17,10
DA:18,35
DA:21,0
DA:25,9
DA:26,9
DA:27,9
DA:29,9
DA:30,3
DA:33,9
DA:34,5
DA:38,9
DA:60,4
DA:61,4
DA:62,4
DA:64,4
DA:65,4
DA:67,4
DA:82,7
DA:84,7
DA:86,2
DA:87,2
DA:89,0
DA:90,0
DA:95,7
DA:102,4
DA:103,4
DA:104,6
DA:106,4
DA:107,2
DA:110,2
DA:114,8
LF:40
LH:37
BRDA:15,0,0,10
BRDA:15,0,1,0
BRDA:15,1,0,10
BRDA:15,1,1,10
BRDA:25,2,0,9
BRDA:25,2,1,2
BRDA:26,3,0,9
BRDA:26,3,1,8
BRDA:27,4,0,9
BRDA:27,4,1,7
BRDA:39,5,0,9
BRDA:39,5,1,7
BRDA:40,6,0,9
BRDA:40,6,1,2
BRDA:42,7,0,9
BRDA:42,7,1,8
BRDA:44,8,0,9
BRDA:44,8,1,8
BRDA:45,9,0,9
BRDA:45,9,1,8
BRDA:46,10,0,9
BRDA:46,10,1,8
BRDA:47,11,0,9
BRDA:47,11,1,8
BRDA:48,12,0,9
BRDA:48,12,1,8
BRDA:49,13,0,9
BRDA:49,13,1,8
BRDA:50,14,0,9
BRDA:50,14,1,8
BRDA:51,15,0,9
BRDA:51,15,1,8
BRDA:52,16,0,9
BRDA:52,16,1,8
BRDA:69,17,0,4
BRDA:69,17,1,4
BRDA:70,18,0,4
BRDA:70,18,1,4
BRDA:71,19,0,4
BRDA:71,19,1,4
BRDA:72,20,0,4
BRDA:72,20,1,0
BRDA:73,21,0,4
BRDA:73,21,1,0
BRDA:74,22,0,4
BRDA:74,22,1,0
BRDA:106,23,0,2
BRDA:106,23,1,2
BRF:48
BRH:44
end_of_record
TN:
SF:src\services\storage.service.js
FN:11,(anonymous_0)
FN:38,(anonymous_1)
FN:45,(anonymous_2)
FN:56,(anonymous_3)
FN:89,(anonymous_4)
FNF:5
FNH:4
FNDA:3,(anonymous_0)
FNDA:0,(anonymous_1)
FNDA:6,(anonymous_2)
FNDA:3,(anonymous_3)
FNDA:1,(anonymous_4)
DA:1,7
DA:2,7
DA:3,7
DA:4,7
DA:5,7
DA:12,3
DA:13,3
DA:15,3
DA:25,0
DA:39,0
DA:46,6
DA:47,6
DA:48,6
DA:49,6
DA:50,6
DA:57,3
DA:58,3
DA:60,3
DA:82,0
DA:90,1
DA:92,1
DA:93,1
DA:94,1
DA:96,1
DA:97,2
DA:98,2
DA:100,2
DA:101,2
DA:102,2
DA:103,2
DA:104,2
DA:105,2
DA:106,2
DA:107,2
DA:109,2
DA:135,1
DA:137,0
DA:138,0
DA:143,7
LF:39
LH:34
BRDA:21,0,0,3
BRDA:21,0,1,3
BRDA:38,1,0,0
BRDA:46,2,0,0
BRDA:46,2,1,6
BRDA:100,3,0,2
BRDA:100,3,1,0
BRDA:102,4,0,2
BRDA:102,4,1,0
BRDA:111,5,0,1
BRDA:111,5,1,1
BRF:11
BRH:7
end_of_record
TN:
SF:src\services\user.service.js
FN:6,(anonymous_0)
FN:13,(anonymous_1)
FN:20,(anonymous_2)
FN:31,(anonymous_3)
FN:33,(anonymous_4)
FN:36,(anonymous_5)
FN:40,(anonymous_6)
FN:78,(anonymous_7)
FN:81,(anonymous_8)
FN:117,(anonymous_9)
FN:120,(anonymous_10)
FN:146,(anonymous_11)
FN:149,(anonymous_12)
FN:191,(anonymous_13)
FN:205,(anonymous_14)
FN:220,(anonymous_15)
FNF:16
FNH:16
FNDA:6,(anonymous_0)
FNDA:47,(anonymous_1)
FNDA:112,(anonymous_2)
FNDA:74,(anonymous_3)
FNDA:224,(anonymous_4)
FNDA:27,(anonymous_5)
FNDA:153,(anonymous_6)
FNDA:2,(anonymous_7)
FNDA:14,(anonymous_8)
FNDA:3,(anonymous_9)
FNDA:24,(anonymous_10)
FNDA:3,(anonymous_11)
FNDA:29,(anonymous_12)
FNDA:64,(anonymous_13)
FNDA:23,(anonymous_14)
FNDA:34,(anonymous_15)
DA:1,7
DA:2,7
DA:3,7
DA:7,6
DA:8,6
DA:9,6
DA:10,6
DA:11,0
DA:13,47
DA:15,0
DA:16,0
DA:21,112
DA:22,112
DA:23,112
DA:24,112
DA:26,0
DA:27,0
DA:32,74
DA:33,224
DA:37,27
DA:40,153
DA:41,10
DA:48,17
DA:49,17
DA:51,17
DA:58,17
DA:60,17
DA:66,17
DA:79,2
DA:80,2
DA:81,14
DA:84,2
DA:85,1
DA:92,1
DA:93,1
DA:96,1
DA:98,1
DA:104,1
DA:118,3
DA:119,3
DA:120,24
DA:123,3
DA:124,1
DA:130,2
DA:131,2
DA:133,2
DA:139,2
DA:147,3
DA:148,3
DA:149,29
DA:152,3
DA:153,0
DA:160,3
DA:161,3
DA:164,3
DA:167,3
DA:168,3
DA:170,3
DA:176,3
DA:192,64
DA:193,64
DA:206,23
DA:207,23
DA:208,23
DA:209,20
DA:210,20
DA:213,3
DA:221,34
DA:222,34
DA:223,34
DA:226,34
DA:229,34
DA:234,34
DA:236,34
DA:242,0
DA:243,0
DA:252,7
LF:77
LH:69
BRDA:10,0,0,0
BRDA:10,0,1,6
BRDA:10,1,0,6
BRDA:10,1,1,6
BRDA:13,2,0,6
BRDA:13,2,1,2
BRDA:24,3,0,112
BRDA:24,3,1,0
BRDA:33,4,0,74
BRDA:33,4,1,2
BRDA:40,5,0,10
BRDA:40,5,1,17
BRDA:40,6,0,153
BRDA:40,6,1,143
BRDA:54,7,0,17
BRDA:54,7,1,0
BRDA:81,8,0,14
BRDA:81,8,1,13
BRDA:84,9,0,1
BRDA:84,9,1,1
BRDA:92,10,0,1
BRDA:92,10,1,0
BRDA:108,11,0,1
BRDA:108,11,1,0
BRDA:120,12,0,24
BRDA:120,12,1,22
BRDA:123,13,0,1
BRDA:123,13,1,2
BRDA:142,14,0,2
BRDA:142,14,1,0
BRDA:149,15,0,29
BRDA:149,15,1,26
BRDA:152,16,0,0
BRDA:152,16,1,3
BRDA:181,17,0,3
BRDA:181,17,1,0
BRDA:210,18,0,20
BRDA:210,18,1,0
BRF:38
BRH:29
end_of_record
TN:
SF:src\services\world.service.js
FN:11,(anonymous_0)
FN:72,(anonymous_1)
FN:95,(anonymous_2)
FN:108,(anonymous_3)
FN:109,(anonymous_4)
FN:116,(anonymous_5)
FN:118,(anonymous_6)
FNF:7
FNH:2
FNDA:0,(anonymous_0)
FNDA:1,(anonymous_1)
FNDA:2,(anonymous_2)
FNDA:0,(anonymous_3)
FNDA:0,(anonymous_4)
FNDA:0,(anonymous_5)
FNDA:0,(anonymous_6)
DA:1,7
DA:2,7
DA:3,7
DA:4,7
DA:5,7
DA:12,0
DA:13,0
DA:14,0
DA:17,0
DA:18,0
DA:24,0
DA:25,0
DA:28,0
DA:29,0
DA:31,0
DA:32,0
DA:34,0
DA:38,0
DA:39,0
DA:40,0
DA:41,0
DA:45,0
DA:46,0
DA:47,0
DA:48,0
DA:52,0
DA:53,0
DA:54,0
DA:59,0
DA:61,0
DA:73,1
DA:75,1
DA:76,1
DA:78,1
DA:84,0
DA:86,0
DA:96,2
DA:98,2
DA:99,2
DA:101,2
DA:104,0
DA:105,0
DA:107,0
DA:108,0
DA:109,0
DA:113,0
DA:116,0
DA:118,0
DA:125,7
LF:49
LH:14
BRDA:34,0,0,0
BRDA:34,0,1,0
BRDA:35,1,0,0
BRDA:35,1,1,0
BRDA:41,2,0,0
BRDA:41,2,1,0
BRDA:42,3,0,0
BRDA:42,3,1,0
BRDA:48,4,0,0
BRDA:48,4,1,0
BRDA:49,5,0,0
BRDA:49,5,1,0
BRDA:118,6,0,0
BRDA:118,6,1,0
BRF:14
BRH:0
end_of_record
TN:
SF:src\utils\cache.js
FN:4,(anonymous_0)
FN:8,(anonymous_1)
FN:22,(anonymous_2)
FN:30,(anonymous_3)
FN:34,(anonymous_4)
FNF:5
FNH:5
FNDA:9,(anonymous_0)
FNDA:18,(anonymous_1)
FNDA:21,(anonymous_2)
FNDA:10,(anonymous_3)
FNDA:4,(anonymous_4)
DA:1,9
DA:5,9
DA:9,18
DA:10,18
DA:12,9
DA:13,9
DA:14,8
DA:18,1
DA:19,1
DA:23,21
DA:31,10
DA:35,4
DA:43,9
LF:13
LH:13
BRDA:10,0,0,9
BRDA:10,0,1,9
BRDA:12,1,0,9
BRDA:12,1,1,7
BRDA:13,2,0,8
BRDA:13,2,1,1
BRDA:22,3,0,19
BRF:7
BRH:7
end_of_record
TN:
SF:src\utils\helpers.js
FN:7,directoryExists
FN:19,fileExists
FN:31,listJsonFiles
FN:34,(anonymous_3)
FN:43,getDirectorySize
FN:47,traverse
FN:72,deleteDirectory
FN:88,formatItemName
FN:96,(anonymous_8)
FN:103,sanitizeFilename
FNF:10
FNH:7
FNDA:0,directoryExists
FNDA:0,fileExists
FNDA:11,listJsonFiles
FNDA:5,(anonymous_3)
FNDA:3,getDirectorySize
FNDA:5,traverse
FNDA:0,deleteDirectory
FNDA:11,formatItemName
FNDA:13,(anonymous_8)
FNDA:9,sanitizeFilename
DA:1,9
DA:2,9
DA:8,0
DA:9,0
DA:10,0
DA:12,0
DA:20,0
DA:21,0
DA:22,0
DA:24,0
DA:32,11
DA:33,11
DA:34,5
DA:36,6
DA:44,3
DA:45,3
DA:48,5
DA:49,5
DA:50,4
DA:51,10
DA:52,10
DA:53,2
DA:55,8
DA:56,8
DA:57,8
DA:61,1
DA:65,3
DA:66,3
DA:73,0
DA:74,0
DA:75,0
DA:76,0
DA:77,0
DA:79,0
DA:82,0
DA:89,11
DA:92,8
DA:94,8
DA:96,13
DA:104,9
DA:105,6
DA:108,9
LF:42
LH:27
BRDA:52,0,0,2
BRDA:52,0,1,8
BRDA:76,1,0,0
BRDA:76,1,1,0
BRDA:89,2,0,3
BRDA:89,2,1,8
BRDA:89,3,0,11
BRDA:89,3,1,8
BRDA:104,4,0,3
BRDA:104,4,1,6
BRF:10
BRH:8
end_of_record
